[debug] [2025-07-23T08:31:49.870Z] ----------------------------------------------------------------------
[debug] [2025-07-23T08:31:49.872Z] Command:       /home/linux/.nvm/versions/node/v22.17.0/bin/node /home/linux/.nvm/versions/node/v22.17.0/bin/firebase deploy --only functions
[debug] [2025-07-23T08:31:49.873Z] CLI Version:   14.11.0
[debug] [2025-07-23T08:31:49.873Z] Platform:      linux
[debug] [2025-07-23T08:31:49.873Z] Node Version:  v22.17.0
[debug] [2025-07-23T08:31:49.873Z] Time:          Wed Jul 23 2025 14:31:49 GMT+0600 (Bangladesh Standard Time)
[debug] [2025-07-23T08:31:49.873Z] ----------------------------------------------------------------------
[debug] 
[debug] [2025-07-23T08:31:50.138Z] > command requires scopes: ["email","openid","https://www.googleapis.com/auth/cloudplatformprojects.readonly","https://www.googleapis.com/auth/firebase","https://www.googleapis.com/auth/cloud-platform"]
[debug] [2025-07-23T08:31:50.138Z] > authorizing via signed-in user (naimahmad201103@gmail.com)
[debug] [2025-07-23T08:31:50.139Z] [iam] checking project vinx-64b70 for permissions ["cloudfunctions.functions.create","cloudfunctions.functions.delete","cloudfunctions.functions.get","cloudfunctions.functions.list","cloudfunctions.functions.update","cloudfunctions.operations.get","firebase.projects.get"]
[debug] [2025-07-23T08:31:50.140Z] Checked if tokens are valid: true, expires at: 1753261062400
[debug] [2025-07-23T08:31:50.140Z] Checked if tokens are valid: true, expires at: 1753261062400
[debug] [2025-07-23T08:31:50.141Z] >>> [apiv2][query] POST https://cloudresourcemanager.googleapis.com/v1/projects/vinx-64b70:testIamPermissions [none]
[debug] [2025-07-23T08:31:50.141Z] >>> [apiv2][(partial)header] POST https://cloudresourcemanager.googleapis.com/v1/projects/vinx-64b70:testIamPermissions x-goog-quota-user=projects/vinx-64b70
[debug] [2025-07-23T08:31:50.141Z] >>> [apiv2][body] POST https://cloudresourcemanager.googleapis.com/v1/projects/vinx-64b70:testIamPermissions {"permissions":["cloudfunctions.functions.create","cloudfunctions.functions.delete","cloudfunctions.functions.get","cloudfunctions.functions.list","cloudfunctions.functions.update","cloudfunctions.operations.get","firebase.projects.get"]}
[debug] [2025-07-23T08:31:51.707Z] <<< [apiv2][status] POST https://cloudresourcemanager.googleapis.com/v1/projects/vinx-64b70:testIamPermissions 200
[debug] [2025-07-23T08:31:51.707Z] <<< [apiv2][body] POST https://cloudresourcemanager.googleapis.com/v1/projects/vinx-64b70:testIamPermissions {"permissions":["cloudfunctions.functions.create","cloudfunctions.functions.delete","cloudfunctions.functions.get","cloudfunctions.functions.list","cloudfunctions.functions.update","cloudfunctions.operations.get","firebase.projects.get"]}
[debug] [2025-07-23T08:31:51.708Z] Checked if tokens are valid: true, expires at: 1753261062400
[debug] [2025-07-23T08:31:51.708Z] Checked if tokens are valid: true, expires at: 1753261062400
[debug] [2025-07-23T08:31:51.708Z] >>> [apiv2][query] POST https://iam.googleapis.com/v1/projects/vinx-64b70/serviceAccounts/vinx-64b70@appspot.gserviceaccount.com:testIamPermissions [none]
[debug] [2025-07-23T08:31:51.708Z] >>> [apiv2][body] POST https://iam.googleapis.com/v1/projects/vinx-64b70/serviceAccounts/vinx-64b70@appspot.gserviceaccount.com:testIamPermissions {"permissions":["iam.serviceAccounts.actAs"]}
[debug] [2025-07-23T08:31:53.339Z] <<< [apiv2][status] POST https://iam.googleapis.com/v1/projects/vinx-64b70/serviceAccounts/vinx-64b70@appspot.gserviceaccount.com:testIamPermissions 200
[debug] [2025-07-23T08:31:53.339Z] <<< [apiv2][body] POST https://iam.googleapis.com/v1/projects/vinx-64b70/serviceAccounts/vinx-64b70@appspot.gserviceaccount.com:testIamPermissions {"permissions":["iam.serviceAccounts.actAs"]}
[info] 
[info] === Deploying to 'vinx-64b70'...
[info] 
[info] i  deploying functions 
[info] Running command: npm --prefix "$RESOURCE_DIR" run build
[info] ✔  functions: Finished running predeploy script. 
[debug] [2025-07-23T08:32:03.616Z] Checked if tokens are valid: true, expires at: 1753261062400
[debug] [2025-07-23T08:32:03.616Z] Checked if tokens are valid: true, expires at: 1753261062400
[debug] [2025-07-23T08:32:03.616Z] >>> [apiv2][query] GET https://cloudresourcemanager.googleapis.com/v1/projects/vinx-64b70 [none]
[debug] [2025-07-23T08:32:05.012Z] <<< [apiv2][status] GET https://cloudresourcemanager.googleapis.com/v1/projects/vinx-64b70 200
[debug] [2025-07-23T08:32:05.013Z] <<< [apiv2][body] GET https://cloudresourcemanager.googleapis.com/v1/projects/vinx-64b70 {"projectNumber":"40973141573","projectId":"vinx-64b70","lifecycleState":"ACTIVE","name":"VinX","labels":{"firebase":"enabled","firebase-core":"disabled"},"createTime":"2025-07-18T09:53:34.529342Z"}
[info] i  functions: preparing codebase default for deployment 
[info] i  functions: ensuring required API cloudfunctions.googleapis.com is enabled... 
[info] i  functions: ensuring required API cloudbuild.googleapis.com is enabled... 
[info] i  artifactregistry: ensuring required API artifactregistry.googleapis.com is enabled... 
[debug] [2025-07-23T08:32:05.015Z] Checked if tokens are valid: true, expires at: 1753261062400
[debug] [2025-07-23T08:32:05.015Z] Checked if tokens are valid: true, expires at: 1753261062400
[debug] [2025-07-23T08:32:05.016Z] >>> [apiv2][query] GET https://firebase.googleapis.com/v1beta1/projects/vinx-64b70/adminSdkConfig [none]
[debug] [2025-07-23T08:32:05.523Z] <<< [apiv2][status] GET https://firebase.googleapis.com/v1beta1/projects/vinx-64b70/adminSdkConfig 200
[debug] [2025-07-23T08:32:05.524Z] <<< [apiv2][body] GET https://firebase.googleapis.com/v1beta1/projects/vinx-64b70/adminSdkConfig {"projectId":"vinx-64b70","storageBucket":"vinx-64b70.firebasestorage.app"}
[debug] [2025-07-23T08:32:05.524Z] Checked if tokens are valid: true, expires at: 1753261062400
[debug] [2025-07-23T08:32:05.524Z] Checked if tokens are valid: true, expires at: 1753261062400
[debug] [2025-07-23T08:32:05.525Z] >>> [apiv2][query] GET https://runtimeconfig.googleapis.com/v1beta1/projects/vinx-64b70/configs [none]
[debug] [2025-07-23T08:32:06.036Z] <<< [apiv2][status] GET https://runtimeconfig.googleapis.com/v1beta1/projects/vinx-64b70/configs 200
[debug] [2025-07-23T08:32:06.036Z] <<< [apiv2][body] GET https://runtimeconfig.googleapis.com/v1beta1/projects/vinx-64b70/configs {"configs":[{"name":"projects/vinx-64b70/configs/some"},{"name":"projects/vinx-64b70/configs/other"}]}
[debug] [2025-07-23T08:32:06.037Z] Checked if tokens are valid: true, expires at: 1753261062400
[debug] [2025-07-23T08:32:06.037Z] Checked if tokens are valid: true, expires at: 1753261062400
[debug] [2025-07-23T08:32:06.037Z] Checked if tokens are valid: true, expires at: 1753261062400
[debug] [2025-07-23T08:32:06.037Z] Checked if tokens are valid: true, expires at: 1753261062400
[debug] [2025-07-23T08:32:06.037Z] >>> [apiv2][query] GET https://runtimeconfig.googleapis.com/v1beta1/projects/vinx-64b70/configs/some/variables [none]
[debug] [2025-07-23T08:32:06.038Z] >>> [apiv2][query] GET https://runtimeconfig.googleapis.com/v1beta1/projects/vinx-64b70/configs/other/variables [none]
[debug] [2025-07-23T08:32:06.548Z] <<< [apiv2][status] GET https://runtimeconfig.googleapis.com/v1beta1/projects/vinx-64b70/configs/other/variables 200
[debug] [2025-07-23T08:32:06.549Z] <<< [apiv2][body] GET https://runtimeconfig.googleapis.com/v1beta1/projects/vinx-64b70/configs/other/variables {"variables":[{"name":"projects/vinx-64b70/configs/other/variables/key","updateTime":"2025-07-23T08:27:59.216505171Z"}]}
[debug] [2025-07-23T08:32:06.549Z] Checked if tokens are valid: true, expires at: 1753261062400
[debug] [2025-07-23T08:32:06.549Z] Checked if tokens are valid: true, expires at: 1753261062400
[debug] [2025-07-23T08:32:06.549Z] >>> [apiv2][query] GET https://runtimeconfig.googleapis.com/v1beta1/projects/vinx-64b70/configs/other/variables/key [none]
[debug] [2025-07-23T08:32:06.959Z] <<< [apiv2][status] GET https://runtimeconfig.googleapis.com/v1beta1/projects/vinx-64b70/configs/other/variables/key 200
[debug] [2025-07-23T08:32:06.959Z] <<< [apiv2][body] GET https://runtimeconfig.googleapis.com/v1beta1/projects/vinx-64b70/configs/other/variables/key {"name":"projects/vinx-64b70/configs/other/variables/key","updateTime":"2025-07-23T08:27:59.216505171Z","text":"eyJhbGciOiJIUzI1NiIsInR5cCI6IkpXVCJ9.eyJpc3MiOiJzdXBhYmFzZSIsInJlZiI6Imt5c3NqcGJoZXRna3l0anduZHpkIiwicm9sZSI6InNlcnZpY2Vfcm9sZSIsImlhdCI6MTc1MzEyMzk1NSwiZXhwIjoyMDY4Njk5OTU1fQ.OHWepJJO7Ani-zvOYmprVnJA23z0OM4yjKs0NhfjYFM"}
[debug] [2025-07-23T08:32:07.174Z] <<< [apiv2][status] GET https://runtimeconfig.googleapis.com/v1beta1/projects/vinx-64b70/configs/some/variables 200
[debug] [2025-07-23T08:32:07.174Z] <<< [apiv2][body] GET https://runtimeconfig.googleapis.com/v1beta1/projects/vinx-64b70/configs/some/variables {"variables":[{"name":"projects/vinx-64b70/configs/some/variables/key","updateTime":"2025-07-23T08:27:59.223814956Z"}]}
[debug] [2025-07-23T08:32:07.175Z] Checked if tokens are valid: true, expires at: 1753261062400
[debug] [2025-07-23T08:32:07.175Z] Checked if tokens are valid: true, expires at: 1753261062400
[debug] [2025-07-23T08:32:07.175Z] >>> [apiv2][query] GET https://runtimeconfig.googleapis.com/v1beta1/projects/vinx-64b70/configs/some/variables/key [none]
[debug] [2025-07-23T08:32:07.669Z] <<< [apiv2][status] GET https://runtimeconfig.googleapis.com/v1beta1/projects/vinx-64b70/configs/some/variables/key 200
[debug] [2025-07-23T08:32:07.669Z] <<< [apiv2][body] GET https://runtimeconfig.googleapis.com/v1beta1/projects/vinx-64b70/configs/some/variables/key {"name":"projects/vinx-64b70/configs/some/variables/key","updateTime":"2025-07-23T08:27:59.223814956Z","text":"NEXT_PUBLIC_SUPABASE_SERVICE_ROLE_KEY"}
[debug] [2025-07-23T08:32:07.671Z] Validating nodejs source
[debug] [2025-07-23T08:32:08.340Z] > [functions] package.json contents: {
  "name": "functions",
  "scripts": {
    "build": "tsc",
    "build:watch": "tsc --watch",
    "serve": "npm run build && firebase emulators:start --only functions",
    "shell": "npm run build && firebase functions:shell",
    "start": "npm run shell",
    "deploy": "firebase deploy --only functions",
    "logs": "firebase functions:log"
  },
  "engines": {
    "node": "22"
  },
  "main": "lib/index.js",
  "dependencies": {
    "firebase-admin": "^12.6.0",
    "firebase-functions": "^6.0.1",
    "next": "15.3.3",
    "react": "^19.1.0",
    "react-dom": "^19.0.0",
    "express": "^4.18.3"
  },
  "devDependencies": {
    "typescript": "^5.7.3",
    "firebase-functions-test": "^3.1.0",
    "@types/express": "^4.17.21"
  },
  "private": true
}
[debug] [2025-07-23T08:32:08.341Z] Building nodejs source
[info] i  functions: Loading and analyzing source code for codebase default to determine what to deploy 
[debug] [2025-07-23T08:32:08.342Z] Could not find functions.yaml. Must use http discovery
[debug] [2025-07-23T08:32:08.349Z] Found firebase-functions binary at '/media/linux/Projects/ivin-admin/functions/node_modules/.bin/firebase-functions'
[info] Serving at port 8646

[info] NEXT_PUBLIC_SUPABASE_SERVICE_ROLE_KEY

[debug] [2025-07-23T08:32:08.928Z] Got response from /__/functions.yaml {"endpoints":{"nextApp":{"availableMemoryMb":1024,"timeoutSeconds":300,"minInstances":null,"maxInstances":null,"ingressSettings":null,"concurrency":null,"serviceAccountEmail":null,"vpc":null,"platform":"gcfv2","labels":{},"httpsTrigger":{},"entryPoint":"nextApp"}},"specVersion":"v1alpha1","requiredAPIs":[],"extensions":{}}
[info] i  extensions: ensuring required API firebaseextensions.googleapis.com is enabled... 
[debug] [2025-07-23T08:32:12.963Z] > command requires scopes: ["email","openid","https://www.googleapis.com/auth/cloudplatformprojects.readonly","https://www.googleapis.com/auth/firebase","https://www.googleapis.com/auth/cloud-platform"]
[debug] [2025-07-23T08:32:12.964Z] > authorizing via signed-in user (naimahmad201103@gmail.com)
[debug] [2025-07-23T08:32:12.964Z] [iam] checking project vinx-64b70 for permissions ["firebase.projects.get","firebaseextensions.instances.list"]
[debug] [2025-07-23T08:32:12.964Z] Checked if tokens are valid: true, expires at: 1753261062400
[debug] [2025-07-23T08:32:12.964Z] Checked if tokens are valid: true, expires at: 1753261062400
[debug] [2025-07-23T08:32:12.964Z] >>> [apiv2][query] POST https://cloudresourcemanager.googleapis.com/v1/projects/vinx-64b70:testIamPermissions [none]
[debug] [2025-07-23T08:32:12.964Z] >>> [apiv2][(partial)header] POST https://cloudresourcemanager.googleapis.com/v1/projects/vinx-64b70:testIamPermissions x-goog-quota-user=projects/vinx-64b70
[debug] [2025-07-23T08:32:12.964Z] >>> [apiv2][body] POST https://cloudresourcemanager.googleapis.com/v1/projects/vinx-64b70:testIamPermissions {"permissions":["firebase.projects.get","firebaseextensions.instances.list"]}
[debug] [2025-07-23T08:32:14.330Z] <<< [apiv2][status] POST https://cloudresourcemanager.googleapis.com/v1/projects/vinx-64b70:testIamPermissions 200
[debug] [2025-07-23T08:32:14.330Z] <<< [apiv2][body] POST https://cloudresourcemanager.googleapis.com/v1/projects/vinx-64b70:testIamPermissions {"permissions":["firebase.projects.get","firebaseextensions.instances.list"]}
[debug] [2025-07-23T08:32:14.331Z] Checked if tokens are valid: true, expires at: 1753261062400
[debug] [2025-07-23T08:32:14.331Z] Checked if tokens are valid: true, expires at: 1753261062400
[debug] [2025-07-23T08:32:14.331Z] >>> [apiv2][query] GET https://firebaseextensions.googleapis.com/v1beta/projects/vinx-64b70/instances pageSize=100&pageToken=
[debug] [2025-07-23T08:32:15.866Z] <<< [apiv2][status] GET https://firebaseextensions.googleapis.com/v1beta/projects/vinx-64b70/instances 200
[debug] [2025-07-23T08:32:15.866Z] <<< [apiv2][body] GET https://firebaseextensions.googleapis.com/v1beta/projects/vinx-64b70/instances {}
[info] i  functions: preparing functions directory for uploading... 
[info] i  functions: packaged /media/linux/Projects/ivin-admin/functions (78.67 KB) for uploading 
[debug] [2025-07-23T08:32:15.937Z] Checked if tokens are valid: true, expires at: 1753261062400
[debug] [2025-07-23T08:32:15.938Z] Checked if tokens are valid: true, expires at: 1753261062400
[debug] [2025-07-23T08:32:15.938Z] >>> [apiv2][query] GET https://cloudfunctions.googleapis.com/v1/projects/vinx-64b70/locations/-/functions [none]
[debug] [2025-07-23T08:32:16.891Z] <<< [apiv2][status] GET https://cloudfunctions.googleapis.com/v1/projects/vinx-64b70/locations/-/functions 200
[debug] [2025-07-23T08:32:16.891Z] <<< [apiv2][body] GET https://cloudfunctions.googleapis.com/v1/projects/vinx-64b70/locations/-/functions {}
[debug] [2025-07-23T08:32:16.891Z] Checked if tokens are valid: true, expires at: 1753261062400
[debug] [2025-07-23T08:32:16.892Z] Checked if tokens are valid: true, expires at: 1753261062400
[debug] [2025-07-23T08:32:16.892Z] >>> [apiv2][query] GET https://cloudfunctions.googleapis.com/v2/projects/vinx-64b70/locations/-/functions filter=environment%3D%22GEN_2%22
[debug] [2025-07-23T08:32:18.508Z] <<< [apiv2][status] GET https://cloudfunctions.googleapis.com/v2/projects/vinx-64b70/locations/-/functions 200
[debug] [2025-07-23T08:32:18.508Z] <<< [apiv2][body] GET https://cloudfunctions.googleapis.com/v2/projects/vinx-64b70/locations/-/functions {"functions":[{"name":"projects/vinx-64b70/locations/asia-east1/functions/ssrvinxadmin1","buildConfig":{"build":"projects/40973141573/locations/asia-east1/builds/63406b27-aa2e-4904-b82f-9410defad82b","runtime":"nodejs20","entryPoint":"ssrvinxadmin1","source":{"storageSource":{"bucket":"gcf-v2-sources-40973141573-asia-east1","object":"ssrvinxadmin1/function-source.zip","generation":"1753250528184038"}},"environmentVariables":{"GOOGLE_NODE_RUN_SCRIPTS":""},"dockerRepository":"projects/vinx-64b70/locations/asia-east1/repositories/gcf-artifacts","sourceProvenance":{"resolvedStorageSource":{"bucket":"gcf-v2-sources-40973141573-asia-east1","object":"ssrvinxadmin1/function-source.zip","generation":"1753250528184038"}},"dockerRegistry":"ARTIFACT_REGISTRY","serviceAccount":"projects/vinx-64b70/serviceAccounts/40973141573-compute@developer.gserviceaccount.com","automaticUpdatePolicy":{}},"serviceConfig":{"service":"projects/vinx-64b70/locations/asia-east1/services/ssrvinxadmin1","timeoutSeconds":60,"environmentVariables":{"VERCEL_URL":"vinx-64b70.web.app","__FIREBASE_FRAMEWORKS_ENTRY__":"next.js","__FIREBASE_DEFAULTS__":"{\"config\":{\"projectId\":\"vinx-64b70\",\"storageBucket\":\"vinx-64b70.firebasestorage.app\",\"apiKey\":\"AIzaSyCsMq4WXHTTfNpVm-jQ4AmXnhBbiCBJLJ8\",\"authDomain\":\"vinx-64b70.firebaseapp.com\",\"messagingSenderId\":\"40973141573\"},\"_authTokenSyncURL\":\"/__session\"}","FIREBASE_CONFIG":"{\"projectId\":\"vinx-64b70\",\"storageBucket\":\"vinx-64b70.firebasestorage.app\"}","GCLOUD_PROJECT":"vinx-64b70","EVENTARC_CLOUD_EVENT_SOURCE":"projects/vinx-64b70/locations/asia-east1/services/ssrvinxadmin1","FUNCTION_TARGET":"ssrvinxadmin1","LOG_EXECUTION_ID":"true"},"maxInstanceCount":3,"ingressSettings":"ALLOW_ALL","uri":"https://ssrvinxadmin1-bydohlyira-de.a.run.app","serviceAccountEmail":"40973141573-compute@developer.gserviceaccount.com","availableMemory":"256Mi","allTrafficOnLatestRevision":true,"revision":"ssrvinxadmin1-00001-tom","maxInstanceRequestConcurrency":80,"availableCpu":"1"},"state":"ACTIVE","updateTime":"2025-07-23T06:05:35.557034303Z","labels":{"deployment-tool":"cli-firebase","firebase-functions-codebase":"firebase-frameworks-vinx-admin1","firebase-functions-hash":"f53ddc624646ea984add90c89ad6a4fce02905d7"},"environment":"GEN_2","url":"https://asia-east1-vinx-64b70.cloudfunctions.net/ssrvinxadmin1","createTime":"2025-07-23T06:02:08.767557011Z","satisfiesPzi":true},{"name":"projects/vinx-64b70/locations/europe-west1/functions/ssrvinx64b70","buildConfig":{"build":"projects/40973141573/locations/europe-west1/builds/6b8f2fac-c602-4009-a097-ad2051be1b56","runtime":"nodejs20","entryPoint":"ssrvinx64b70","source":{"storageSource":{"bucket":"gcf-v2-sources-40973141573-europe-west1","object":"ssrvinx64b70/function-source.zip","generation":"1753249513954923"}},"environmentVariables":{"GOOGLE_NODE_RUN_SCRIPTS":""},"dockerRepository":"projects/vinx-64b70/locations/europe-west1/repositories/gcf-artifacts","sourceProvenance":{"resolvedStorageSource":{"bucket":"gcf-v2-sources-40973141573-europe-west1","object":"ssrvinx64b70/function-source.zip","generation":"1753249513954923"}},"dockerRegistry":"ARTIFACT_REGISTRY","serviceAccount":"projects/vinx-64b70/serviceAccounts/40973141573-compute@developer.gserviceaccount.com","automaticUpdatePolicy":{}},"serviceConfig":{"service":"projects/vinx-64b70/locations/europe-west1/services/ssrvinx64b70","timeoutSeconds":60,"environmentVariables":{"VERCEL_URL":"vinx-64b70.web.app","__FIREBASE_FRAMEWORKS_ENTRY__":"next.js","__FIREBASE_DEFAULTS__":"{\"config\":{\"projectId\":\"vinx-64b70\",\"storageBucket\":\"vinx-64b70.firebasestorage.app\",\"apiKey\":\"AIzaSyCsMq4WXHTTfNpVm-jQ4AmXnhBbiCBJLJ8\",\"authDomain\":\"vinx-64b70.firebaseapp.com\",\"messagingSenderId\":\"40973141573\"},\"_authTokenSyncURL\":\"/__session\"}","FIREBASE_CONFIG":"{\"projectId\":\"vinx-64b70\",\"storageBucket\":\"vinx-64b70.firebasestorage.app\"}","GCLOUD_PROJECT":"vinx-64b70","EVENTARC_CLOUD_EVENT_SOURCE":"projects/vinx-64b70/locations/europe-west1/services/ssrvinx64b70","FUNCTION_TARGET":"ssrvinx64b70","LOG_EXECUTION_ID":"true"},"maxInstanceCount":3,"ingressSettings":"ALLOW_ALL","uri":"https://ssrvinx64b70-bydohlyira-ew.a.run.app","serviceAccountEmail":"40973141573-compute@developer.gserviceaccount.com","availableMemory":"256Mi","allTrafficOnLatestRevision":true,"revision":"ssrvinx64b70-00003-nay","maxInstanceRequestConcurrency":80,"availableCpu":"1"},"state":"ACTIVE","updateTime":"2025-07-23T05:50:07.397028554Z","labels":{"deployment-tool":"cli-firebase","firebase-functions-codebase":"firebase-frameworks-vinx-64b70","firebase-functions-hash":"d15d28cef5110173fef03e0a1dfc2e9f0f96b88d"},"environment":"GEN_2","url":"https://europe-west1-vinx-64b70.cloudfunctions.net/ssrvinx64b70","createTime":"2025-07-23T05:31:53.125329881Z","satisfiesPzi":true},{"name":"projects/vinx-64b70/locations/us-central1/functions/nextApp","buildConfig":{"build":"projects/40973141573/locations/us-central1/builds/dcbacc88-9bc9-428b-9030-04b033a6f3a2","runtime":"nodejs22","entryPoint":"nextApp","source":{"storageSource":{"bucket":"gcf-v2-sources-40973141573-us-central1","object":"nextApp/function-source.zip","generation":"1753257508190419"}},"environmentVariables":{"GOOGLE_NODE_RUN_SCRIPTS":""},"dockerRepository":"projects/vinx-64b70/locations/us-central1/repositories/gcf-artifacts","sourceProvenance":{"resolvedStorageSource":{"bucket":"gcf-v2-sources-40973141573-us-central1","object":"nextApp/function-source.zip","generation":"1753257508190419"}},"dockerRegistry":"ARTIFACT_REGISTRY","serviceAccount":"projects/vinx-64b70/serviceAccounts/40973141573-compute@developer.gserviceaccount.com","automaticUpdatePolicy":{}},"serviceConfig":{"service":"projects/vinx-64b70/locations/us-central1/services/nextapp","timeoutSeconds":300,"environmentVariables":{"FIREBASE_CONFIG":"{\"projectId\":\"vinx-64b70\",\"storageBucket\":\"vinx-64b70.firebasestorage.app\"}","GCLOUD_PROJECT":"vinx-64b70","EVENTARC_CLOUD_EVENT_SOURCE":"projects/vinx-64b70/locations/us-central1/services/nextApp","FUNCTION_TARGET":"nextApp","LOG_EXECUTION_ID":"true"},"maxInstanceCount":3,"ingressSettings":"ALLOW_ALL","uri":"https://nextapp-bydohlyira-uc.a.run.app","serviceAccountEmail":"40973141573-compute@developer.gserviceaccount.com","availableMemory":"1024Mi","allTrafficOnLatestRevision":true,"revision":"nextapp-00001-puf","maxInstanceRequestConcurrency":80,"availableCpu":"1"},"state":"ACTIVE","updateTime":"2025-07-23T08:01:50.309809764Z","labels":{"deployment-tool":"cli-firebase","firebase-functions-hash":"b6ab1ffe3d6a5257ef4a76ad827a365045d0ed3d"},"environment":"GEN_2","url":"https://us-central1-vinx-64b70.cloudfunctions.net/nextApp","createTime":"2025-07-23T07:58:28.458077849Z","satisfiesPzi":true}]}
[info] i  functions: ensuring required API run.googleapis.com is enabled... 
[info] i  functions: ensuring required API eventarc.googleapis.com is enabled... 
[info] i  functions: ensuring required API pubsub.googleapis.com is enabled... 
[info] i  functions: ensuring required API storage.googleapis.com is enabled... 
[info] i  functions: generating the service identity for pubsub.googleapis.com... 
[debug] [2025-07-23T08:32:18.512Z] Checked if tokens are valid: true, expires at: 1753261062400
[debug] [2025-07-23T08:32:18.512Z] Checked if tokens are valid: true, expires at: 1753261062400
[info] i  functions: generating the service identity for eventarc.googleapis.com... 
[debug] [2025-07-23T08:32:18.512Z] Checked if tokens are valid: true, expires at: 1753261062400
[debug] [2025-07-23T08:32:18.512Z] Checked if tokens are valid: true, expires at: 1753261062400
[debug] [2025-07-23T08:32:18.512Z] >>> [apiv2][query] POST https://serviceusage.googleapis.com/v1beta1/projects/40973141573/services/pubsub.googleapis.com:generateServiceIdentity [none]
[debug] [2025-07-23T08:32:18.513Z] >>> [apiv2][(partial)header] POST https://serviceusage.googleapis.com/v1beta1/projects/40973141573/services/pubsub.googleapis.com:generateServiceIdentity x-goog-quota-user=projects/40973141573
[debug] [2025-07-23T08:32:18.513Z] >>> [apiv2][body] POST https://serviceusage.googleapis.com/v1beta1/projects/40973141573/services/pubsub.googleapis.com:generateServiceIdentity {}
[debug] [2025-07-23T08:32:18.514Z] >>> [apiv2][query] POST https://serviceusage.googleapis.com/v1beta1/projects/40973141573/services/eventarc.googleapis.com:generateServiceIdentity [none]
[debug] [2025-07-23T08:32:18.514Z] >>> [apiv2][(partial)header] POST https://serviceusage.googleapis.com/v1beta1/projects/40973141573/services/eventarc.googleapis.com:generateServiceIdentity x-goog-quota-user=projects/40973141573
[debug] [2025-07-23T08:32:18.514Z] >>> [apiv2][body] POST https://serviceusage.googleapis.com/v1beta1/projects/40973141573/services/eventarc.googleapis.com:generateServiceIdentity {}
[debug] [2025-07-23T08:32:19.109Z] <<< [apiv2][status] POST https://serviceusage.googleapis.com/v1beta1/projects/40973141573/services/pubsub.googleapis.com:generateServiceIdentity 200
[debug] [2025-07-23T08:32:19.109Z] <<< [apiv2][body] POST https://serviceusage.googleapis.com/v1beta1/projects/40973141573/services/pubsub.googleapis.com:generateServiceIdentity {"name":"operations/finished.DONE_OPERATION","done":true,"response":{"@type":"type.googleapis.com/google.api.serviceusage.v1beta1.ServiceIdentity","email":"service-40973141573@gcp-sa-pubsub.iam.gserviceaccount.com","uniqueId":"112449753796551322877"}}
[debug] [2025-07-23T08:32:20.205Z] <<< [apiv2][status] POST https://serviceusage.googleapis.com/v1beta1/projects/40973141573/services/eventarc.googleapis.com:generateServiceIdentity 200
[debug] [2025-07-23T08:32:20.205Z] <<< [apiv2][body] POST https://serviceusage.googleapis.com/v1beta1/projects/40973141573/services/eventarc.googleapis.com:generateServiceIdentity {"name":"operations/finished.DONE_OPERATION","done":true,"response":{"@type":"type.googleapis.com/google.api.serviceusage.v1beta1.ServiceIdentity","email":"service-40973141573@gcp-sa-eventarc.iam.gserviceaccount.com","uniqueId":"112461353817942295137"}}
[debug] [2025-07-23T08:32:20.207Z] Checked if tokens are valid: true, expires at: 1753261062400
[debug] [2025-07-23T08:32:20.208Z] Checked if tokens are valid: true, expires at: 1753261062400
[debug] [2025-07-23T08:32:20.208Z] >>> [apiv2][query] GET https://cloudresourcemanager.googleapis.com/v1/projects/vinx-64b70 [none]
[debug] [2025-07-23T08:32:21.577Z] <<< [apiv2][status] GET https://cloudresourcemanager.googleapis.com/v1/projects/vinx-64b70 200
[debug] [2025-07-23T08:32:21.578Z] <<< [apiv2][body] GET https://cloudresourcemanager.googleapis.com/v1/projects/vinx-64b70 {"projectNumber":"40973141573","projectId":"vinx-64b70","lifecycleState":"ACTIVE","name":"VinX","labels":{"firebase":"enabled","firebase-core":"disabled"},"createTime":"2025-07-18T09:53:34.529342Z"}
[debug] [2025-07-23T08:32:21.578Z] Checked if tokens are valid: true, expires at: 1753261062400
[debug] [2025-07-23T08:32:21.578Z] Checked if tokens are valid: true, expires at: 1753261062400
[debug] [2025-07-23T08:32:21.578Z] >>> [apiv2][query] GET https://compute.googleapis.com/compute/v1/projects/40973141573 [none]
[debug] [2025-07-23T08:32:22.010Z] <<< [apiv2][status] GET https://compute.googleapis.com/compute/v1/projects/40973141573 403
[debug] [2025-07-23T08:32:22.011Z] <<< [apiv2][body] GET https://compute.googleapis.com/compute/v1/projects/40973141573 {"error":{"code":403,"message":"Compute Engine API has not been used in project 40973141573 before or it is disabled. Enable it by visiting https://console.developers.google.com/apis/api/compute.googleapis.com/overview?project=40973141573 then retry. If you enabled this API recently, wait a few minutes for the action to propagate to our systems and retry.","errors":[{"message":"Compute Engine API has not been used in project 40973141573 before or it is disabled. Enable it by visiting https://console.developers.google.com/apis/api/compute.googleapis.com/overview?project=40973141573 then retry. If you enabled this API recently, wait a few minutes for the action to propagate to our systems and retry.","domain":"usageLimits","reason":"accessNotConfigured","extendedHelp":"https://console.developers.google.com"}],"status":"PERMISSION_DENIED","details":[{"@type":"type.googleapis.com/google.rpc.ErrorInfo","reason":"SERVICE_DISABLED","domain":"googleapis.com","metadata":{"containerInfo":"40973141573","serviceTitle":"Compute Engine API","consumer":"projects/40973141573","activationUrl":"https://console.developers.google.com/apis/api/compute.googleapis.com/overview?project=40973141573","service":"compute.googleapis.com"}},{"@type":"type.googleapis.com/google.rpc.LocalizedMessage","locale":"en-US","message":"Compute Engine API has not been used in project 40973141573 before or it is disabled. Enable it by visiting https://console.developers.google.com/apis/api/compute.googleapis.com/overview?project=40973141573 then retry. If you enabled this API recently, wait a few minutes for the action to propagate to our systems and retry."},{"@type":"type.googleapis.com/google.rpc.Help","links":[{"description":"Google developers console API activation","url":"https://console.developers.google.com/apis/api/compute.googleapis.com/overview?project=40973141573"}]}]}}
[debug] [2025-07-23T08:32:22.011Z] unable to look up default compute service account. Falling back to 40973141573-compute@developer.gserviceaccount.com. Error: {"name":"FirebaseError","children":[],"context":{"body":{"error":{"code":403,"message":"Compute Engine API has not been used in project 40973141573 before or it is disabled. Enable it by visiting https://console.developers.google.com/apis/api/compute.googleapis.com/overview?project=40973141573 then retry. If you enabled this API recently, wait a few minutes for the action to propagate to our systems and retry.","errors":[{"message":"Compute Engine API has not been used in project 40973141573 before or it is disabled. Enable it by visiting https://console.developers.google.com/apis/api/compute.googleapis.com/overview?project=40973141573 then retry. If you enabled this API recently, wait a few minutes for the action to propagate to our systems and retry.","domain":"usageLimits","reason":"accessNotConfigured","extendedHelp":"https://console.developers.google.com"}],"status":"PERMISSION_DENIED","details":[{"@type":"type.googleapis.com/google.rpc.ErrorInfo","reason":"SERVICE_DISABLED","domain":"googleapis.com","metadata":{"containerInfo":"40973141573","serviceTitle":"Compute Engine API","consumer":"projects/40973141573","activationUrl":"https://console.developers.google.com/apis/api/compute.googleapis.com/overview?project=40973141573","service":"compute.googleapis.com"}},{"@type":"type.googleapis.com/google.rpc.LocalizedMessage","locale":"en-US","message":"Compute Engine API has not been used in project 40973141573 before or it is disabled. Enable it by visiting https://console.developers.google.com/apis/api/compute.googleapis.com/overview?project=40973141573 then retry. If you enabled this API recently, wait a few minutes for the action to propagate to our systems and retry."},{"@type":"type.googleapis.com/google.rpc.Help","links":[{"description":"Google developers console API activation","url":"https://console.developers.google.com/apis/api/compute.googleapis.com/overview?project=40973141573"}]}]}},"response":{"statusCode":403}},"exit":1,"message":"Request to https://compute.googleapis.com/compute/v1/projects/40973141573 had HTTP Error: 403, Compute Engine API has not been used in project 40973141573 before or it is disabled. Enable it by visiting https://console.developers.google.com/apis/api/compute.googleapis.com/overview?project=40973141573 then retry. If you enabled this API recently, wait a few minutes for the action to propagate to our systems and retry.","status":403}
[debug] [2025-07-23T08:32:22.012Z] Checked if tokens are valid: true, expires at: 1753261062400
[debug] [2025-07-23T08:32:22.013Z] Checked if tokens are valid: true, expires at: 1753261062400
[debug] [2025-07-23T08:32:22.013Z] >>> [apiv2][query] GET https://cloudbilling.googleapis.com/v1/projects/vinx-64b70/billingInfo [none]
[debug] [2025-07-23T08:32:22.523Z] <<< [apiv2][status] GET https://cloudbilling.googleapis.com/v1/projects/vinx-64b70/billingInfo 200
[debug] [2025-07-23T08:32:22.523Z] <<< [apiv2][body] GET https://cloudbilling.googleapis.com/v1/projects/vinx-64b70/billingInfo {"name":"projects/vinx-64b70/billingInfo","projectId":"vinx-64b70","billingAccountName":"billingAccounts/01AA97-473FD1-ECEA04","billingEnabled":true}
[debug] [2025-07-23T08:32:22.525Z] Checked if tokens are valid: true, expires at: 1753261062400
[debug] [2025-07-23T08:32:22.525Z] Checked if tokens are valid: true, expires at: 1753261062400
[debug] [2025-07-23T08:32:22.525Z] >>> [apiv2][query] POST https://cloudfunctions.googleapis.com/v2/projects/vinx-64b70/locations/us-central1/functions:generateUploadUrl [none]
[debug] [2025-07-23T08:32:23.957Z] <<< [apiv2][status] POST https://cloudfunctions.googleapis.com/v2/projects/vinx-64b70/locations/us-central1/functions:generateUploadUrl 200
[debug] [2025-07-23T08:32:23.957Z] <<< [apiv2][body] POST https://cloudfunctions.googleapis.com/v2/projects/vinx-64b70/locations/us-central1/functions:generateUploadUrl {"uploadUrl":"https://storage.googleapis.com/gcf-v2-uploads-40973141573.us-central1.cloudfunctions.appspot.com/a524ef59-3a7a-428c-a849-44fb69f4dffd.zip?GoogleAccessId=service-40973141573@gcf-admin-robot.iam.gserviceaccount.com&Expires=1753261343&Signature=YGI53ebkAJitjr2GCOLwy490S2FOFim808JsNeiRpAsxELP7nqaeYaf3W7X6pYgTxTJbT3vfXlqEM%2ByUVMGRW5%2BgBWk8xPo82ZhBo2J0b72Vzhxehr1swSFukvcTuw6uxvzh7LBco3e5fK5%2Fo6%2Bp3%2BemD09E%2BApL%2FiJkzlOpcZN8ZKSHkRnTi9cUA7PWQ2jYX5O7yBP2OFzz9Z94FD99UROLAMSIgKYvaXlncpBJKQDOD8AyCTpBl88VsvVwlIvPD9B%2BZyaEacn3fycQqwcq5DSr8wRzwSoFbvhnNZgoOLOJSdZlElC9NpxaGLQ8ewILIqY3aroNjNdcEZ8Bss5crA%3D%3D","storageSource":{"bucket":"gcf-v2-uploads-40973141573.us-central1.cloudfunctions.appspot.com","object":"a524ef59-3a7a-428c-a849-44fb69f4dffd.zip"}}
[debug] [2025-07-23T08:32:23.958Z] >>> [apiv2][query] PUT https://storage.googleapis.com/gcf-v2-uploads-40973141573.us-central1.cloudfunctions.appspot.com/a524ef59-3a7a-428c-a849-44fb69f4dffd.zip GoogleAccessId=service-40973141573%40gcf-admin-robot.iam.gserviceaccount.com&Expires=1753261343&Signature=YGI53ebkAJitjr2GCOLwy490S2FOFim808JsNeiRpAsxELP7nqaeYaf3W7X6pYgTxTJbT3vfXlqEM%2ByUVMGRW5%2BgBWk8xPo82ZhBo2J0b72Vzhxehr1swSFukvcTuw6uxvzh7LBco3e5fK5%2Fo6%2Bp3%2BemD09E%2BApL%2FiJkzlOpcZN8ZKSHkRnTi9cUA7PWQ2jYX5O7yBP2OFzz9Z94FD99UROLAMSIgKYvaXlncpBJKQDOD8AyCTpBl88VsvVwlIvPD9B%2BZyaEacn3fycQqwcq5DSr8wRzwSoFbvhnNZgoOLOJSdZlElC9NpxaGLQ8ewILIqY3aroNjNdcEZ8Bss5crA%3D%3D
[debug] [2025-07-23T08:32:23.958Z] >>> [apiv2][body] PUT https://storage.googleapis.com/gcf-v2-uploads-40973141573.us-central1.cloudfunctions.appspot.com/a524ef59-3a7a-428c-a849-44fb69f4dffd.zip [stream]
[debug] [2025-07-23T08:32:25.143Z] <<< [apiv2][status] PUT https://storage.googleapis.com/gcf-v2-uploads-40973141573.us-central1.cloudfunctions.appspot.com/a524ef59-3a7a-428c-a849-44fb69f4dffd.zip 200
[debug] [2025-07-23T08:32:25.143Z] <<< [apiv2][body] PUT https://storage.googleapis.com/gcf-v2-uploads-40973141573.us-central1.cloudfunctions.appspot.com/a524ef59-3a7a-428c-a849-44fb69f4dffd.zip [omitted]
[info] ✔  functions: functions folder uploaded successfully 
[info] i  functions: updating Node.js 22 (2nd Gen) function nextApp(us-central1)... 
[debug] [2025-07-23T08:32:25.149Z] Checked if tokens are valid: true, expires at: 1753261062400
[debug] [2025-07-23T08:32:25.149Z] Checked if tokens are valid: true, expires at: 1753261062400
[debug] [2025-07-23T08:32:25.150Z] >>> [apiv2][query] PATCH https://cloudfunctions.googleapis.com/v2/projects/vinx-64b70/locations/us-central1/functions/nextApp updateMask=name%2CbuildConfig.runtime%2CbuildConfig.entryPoint%2CbuildConfig.source.storageSource.bucket%2CbuildConfig.source.storageSource.object%2CbuildConfig.environmentVariables%2CbuildConfig.sourceToken%2CserviceConfig.environmentVariables%2CserviceConfig.ingressSettings%2CserviceConfig.timeoutSeconds%2CserviceConfig.serviceAccountEmail%2CserviceConfig.availableMemory%2CserviceConfig.minInstanceCount%2CserviceConfig.maxInstanceCount%2CserviceConfig.maxInstanceRequestConcurrency%2CserviceConfig.availableCpu%2CserviceConfig.vpcConnector%2CserviceConfig.vpcConnectorEgressSettings%2Clabels
[debug] [2025-07-23T08:32:25.150Z] >>> [apiv2][body] PATCH https://cloudfunctions.googleapis.com/v2/projects/vinx-64b70/locations/us-central1/functions/nextApp {"name":"projects/vinx-64b70/locations/us-central1/functions/nextApp","buildConfig":{"runtime":"nodejs22","entryPoint":"nextApp","source":{"storageSource":{"bucket":"gcf-v2-uploads-40973141573.us-central1.cloudfunctions.appspot.com","object":"a524ef59-3a7a-428c-a849-44fb69f4dffd.zip"}},"environmentVariables":{"GOOGLE_NODE_RUN_SCRIPTS":""}},"serviceConfig":{"environmentVariables":{"FIREBASE_CONFIG":"{\"projectId\":\"vinx-64b70\",\"storageBucket\":\"vinx-64b70.firebasestorage.app\"}","GCLOUD_PROJECT":"vinx-64b70","EVENTARC_CLOUD_EVENT_SOURCE":"projects/vinx-64b70/locations/us-central1/services/nextApp","FUNCTION_TARGET":"nextApp","LOG_EXECUTION_ID":"true"},"ingressSettings":null,"timeoutSeconds":300,"serviceAccountEmail":null,"availableMemory":"1024Mi","minInstanceCount":null,"maxInstanceCount":null,"maxInstanceRequestConcurrency":80,"availableCpu":"1","vpcConnector":null,"vpcConnectorEgressSettings":null},"labels":{"deployment-tool":"cli-firebase","firebase-functions-hash":"256bdaec5d7e342f0b6c85c29f48021de48cede0"}}
[debug] [2025-07-23T08:32:27.313Z] <<< [apiv2][status] PATCH https://cloudfunctions.googleapis.com/v2/projects/vinx-64b70/locations/us-central1/functions/nextApp 200
[debug] [2025-07-23T08:32:27.314Z] <<< [apiv2][body] PATCH https://cloudfunctions.googleapis.com/v2/projects/vinx-64b70/locations/us-central1/functions/nextApp {"name":"projects/vinx-64b70/locations/us-central1/operations/operation-1753259546425-63a948c76b8bb-a869dcca-3cd14548","metadata":{"@type":"type.googleapis.com/google.cloud.functions.v2.OperationMetadata","createTime":"2025-07-23T08:32:27.190452651Z","target":"projects/vinx-64b70/locations/us-central1/functions/nextApp","verb":"update","cancelRequested":false,"apiVersion":"v2"},"done":false}
[debug] [2025-07-23T08:32:27.314Z] Checked if tokens are valid: true, expires at: 1753261062400
[debug] [2025-07-23T08:32:27.314Z] Checked if tokens are valid: true, expires at: 1753261062400
[debug] [2025-07-23T08:32:27.315Z] >>> [apiv2][query] GET https://cloudfunctions.googleapis.com/v2/projects/vinx-64b70/locations/us-central1/operations/operation-1753259546425-63a948c76b8bb-a869dcca-3cd14548 [none]
[debug] [2025-07-23T08:32:28.666Z] <<< [apiv2][status] GET https://cloudfunctions.googleapis.com/v2/projects/vinx-64b70/locations/us-central1/operations/operation-1753259546425-63a948c76b8bb-a869dcca-3cd14548 200
[debug] [2025-07-23T08:32:28.666Z] <<< [apiv2][body] GET https://cloudfunctions.googleapis.com/v2/projects/vinx-64b70/locations/us-central1/operations/operation-1753259546425-63a948c76b8bb-a869dcca-3cd14548 {"name":"projects/vinx-64b70/locations/us-central1/operations/operation-1753259546425-63a948c76b8bb-a869dcca-3cd14548","metadata":{"@type":"type.googleapis.com/google.cloud.functions.v2.OperationMetadata","createTime":"2025-07-23T08:32:27.190452651Z","target":"projects/vinx-64b70/locations/us-central1/functions/nextApp","verb":"update","cancelRequested":false,"apiVersion":"v2","requestResource":{"@type":"type.googleapis.com/google.cloud.functions.v2.Function","name":"projects/vinx-64b70/locations/us-central1/functions/nextApp","buildConfig":{"runtime":"nodejs22","entryPoint":"nextApp","source":{"storageSource":{"bucket":"gcf-v2-sources-40973141573-us-central1","object":"nextApp/function-source.zip","generation":"1753259547144150"}},"environmentVariables":{"GOOGLE_NODE_RUN_SCRIPTS":""},"dockerRepository":"projects/vinx-64b70/locations/us-central1/repositories/gcf-artifacts","sourceProvenance":{"resolvedStorageSource":{"bucket":"gcf-v2-sources-40973141573-us-central1","object":"nextApp/function-source.zip","generation":"1753257508190419"}},"dockerRegistry":"ARTIFACT_REGISTRY","serviceAccount":"projects/vinx-64b70/serviceAccounts/40973141573-compute@developer.gserviceaccount.com","automaticUpdatePolicy":{}},"serviceConfig":{"service":"projects/vinx-64b70/locations/us-central1/services/nextapp","timeoutSeconds":300,"environmentVariables":{"FIREBASE_CONFIG":"{\"projectId\":\"vinx-64b70\",\"storageBucket\":\"vinx-64b70.firebasestorage.app\"}","GCLOUD_PROJECT":"vinx-64b70","EVENTARC_CLOUD_EVENT_SOURCE":"projects/vinx-64b70/locations/us-central1/services/nextApp","FUNCTION_TARGET":"nextApp","LOG_EXECUTION_ID":"true"},"ingressSettings":"ALLOW_ALL","uri":"https://nextapp-bydohlyira-uc.a.run.app","serviceAccountEmail":"40973141573-compute@developer.gserviceaccount.com","availableMemory":"1024Mi","allTrafficOnLatestRevision":true,"revision":"nextapp-00001-puf","maxInstanceRequestConcurrency":80,"availableCpu":"1"},"state":"ACTIVE","labels":{"deployment-tool":"cli-firebase","firebase-functions-hash":"256bdaec5d7e342f0b6c85c29f48021de48cede0"},"environment":"GEN_2","url":"https://us-central1-vinx-64b70.cloudfunctions.net/nextApp","satisfiesPzi":true},"stages":[{"name":"BUILD","message":"Build in progress","state":"IN_PROGRESS","resource":"projects/40973141573/locations/us-central1/builds/b9903b3b-9063-48e2-a429-224591f650a1","resourceUri":"https://console.cloud.google.com/cloud-build/builds;region=us-central1/b9903b3b-9063-48e2-a429-224591f650a1?project=40973141573"},{"name":"SERVICE","state":"NOT_STARTED"}],"operationType":"UPDATE_FUNCTION","buildName":"projects/40973141573/locations/us-central1/builds/b9903b3b-9063-48e2-a429-224591f650a1"},"done":false}
[debug] [2025-07-23T08:32:29.167Z] [update-default-us-central1-nextApp] Retrying task index 0
[debug] [2025-07-23T08:32:29.167Z] Checked if tokens are valid: true, expires at: 1753261062400
[debug] [2025-07-23T08:32:29.167Z] Checked if tokens are valid: true, expires at: 1753261062400
[debug] [2025-07-23T08:32:29.167Z] >>> [apiv2][query] GET https://cloudfunctions.googleapis.com/v2/projects/vinx-64b70/locations/us-central1/operations/operation-1753259546425-63a948c76b8bb-a869dcca-3cd14548 [none]
[debug] [2025-07-23T08:32:30.612Z] <<< [apiv2][status] GET https://cloudfunctions.googleapis.com/v2/projects/vinx-64b70/locations/us-central1/operations/operation-1753259546425-63a948c76b8bb-a869dcca-3cd14548 200
[debug] [2025-07-23T08:32:30.612Z] <<< [apiv2][body] GET https://cloudfunctions.googleapis.com/v2/projects/vinx-64b70/locations/us-central1/operations/operation-1753259546425-63a948c76b8bb-a869dcca-3cd14548 {"name":"projects/vinx-64b70/locations/us-central1/operations/operation-1753259546425-63a948c76b8bb-a869dcca-3cd14548","metadata":{"@type":"type.googleapis.com/google.cloud.functions.v2.OperationMetadata","createTime":"2025-07-23T08:32:27.190452651Z","target":"projects/vinx-64b70/locations/us-central1/functions/nextApp","verb":"update","cancelRequested":false,"apiVersion":"v2","requestResource":{"@type":"type.googleapis.com/google.cloud.functions.v2.Function","name":"projects/vinx-64b70/locations/us-central1/functions/nextApp","buildConfig":{"runtime":"nodejs22","entryPoint":"nextApp","source":{"storageSource":{"bucket":"gcf-v2-sources-40973141573-us-central1","object":"nextApp/function-source.zip","generation":"1753259547144150"}},"environmentVariables":{"GOOGLE_NODE_RUN_SCRIPTS":""},"dockerRepository":"projects/vinx-64b70/locations/us-central1/repositories/gcf-artifacts","sourceProvenance":{"resolvedStorageSource":{"bucket":"gcf-v2-sources-40973141573-us-central1","object":"nextApp/function-source.zip","generation":"1753257508190419"}},"dockerRegistry":"ARTIFACT_REGISTRY","serviceAccount":"projects/vinx-64b70/serviceAccounts/40973141573-compute@developer.gserviceaccount.com","automaticUpdatePolicy":{}},"serviceConfig":{"service":"projects/vinx-64b70/locations/us-central1/services/nextapp","timeoutSeconds":300,"environmentVariables":{"FIREBASE_CONFIG":"{\"projectId\":\"vinx-64b70\",\"storageBucket\":\"vinx-64b70.firebasestorage.app\"}","GCLOUD_PROJECT":"vinx-64b70","EVENTARC_CLOUD_EVENT_SOURCE":"projects/vinx-64b70/locations/us-central1/services/nextApp","FUNCTION_TARGET":"nextApp","LOG_EXECUTION_ID":"true"},"ingressSettings":"ALLOW_ALL","uri":"https://nextapp-bydohlyira-uc.a.run.app","serviceAccountEmail":"40973141573-compute@developer.gserviceaccount.com","availableMemory":"1024Mi","allTrafficOnLatestRevision":true,"revision":"nextapp-00001-puf","maxInstanceRequestConcurrency":80,"availableCpu":"1"},"state":"ACTIVE","labels":{"deployment-tool":"cli-firebase","firebase-functions-hash":"256bdaec5d7e342f0b6c85c29f48021de48cede0"},"environment":"GEN_2","url":"https://us-central1-vinx-64b70.cloudfunctions.net/nextApp","satisfiesPzi":true},"stages":[{"name":"BUILD","message":"Build in progress","state":"IN_PROGRESS","resource":"projects/40973141573/locations/us-central1/builds/b9903b3b-9063-48e2-a429-224591f650a1","resourceUri":"https://console.cloud.google.com/cloud-build/builds;region=us-central1/b9903b3b-9063-48e2-a429-224591f650a1?project=40973141573"},{"name":"SERVICE","state":"NOT_STARTED"}],"operationType":"UPDATE_FUNCTION","buildName":"projects/40973141573/locations/us-central1/builds/b9903b3b-9063-48e2-a429-224591f650a1"},"done":false}
[debug] [2025-07-23T08:32:31.613Z] [update-default-us-central1-nextApp] Retrying task index 0
[debug] [2025-07-23T08:32:31.613Z] Checked if tokens are valid: true, expires at: 1753261062400
[debug] [2025-07-23T08:32:31.613Z] Checked if tokens are valid: true, expires at: 1753261062400
[debug] [2025-07-23T08:32:31.614Z] >>> [apiv2][query] GET https://cloudfunctions.googleapis.com/v2/projects/vinx-64b70/locations/us-central1/operations/operation-1753259546425-63a948c76b8bb-a869dcca-3cd14548 [none]
[debug] [2025-07-23T08:32:32.966Z] <<< [apiv2][status] GET https://cloudfunctions.googleapis.com/v2/projects/vinx-64b70/locations/us-central1/operations/operation-1753259546425-63a948c76b8bb-a869dcca-3cd14548 200
[debug] [2025-07-23T08:32:32.967Z] <<< [apiv2][body] GET https://cloudfunctions.googleapis.com/v2/projects/vinx-64b70/locations/us-central1/operations/operation-1753259546425-63a948c76b8bb-a869dcca-3cd14548 {"name":"projects/vinx-64b70/locations/us-central1/operations/operation-1753259546425-63a948c76b8bb-a869dcca-3cd14548","metadata":{"@type":"type.googleapis.com/google.cloud.functions.v2.OperationMetadata","createTime":"2025-07-23T08:32:27.190452651Z","target":"projects/vinx-64b70/locations/us-central1/functions/nextApp","verb":"update","cancelRequested":false,"apiVersion":"v2","requestResource":{"@type":"type.googleapis.com/google.cloud.functions.v2.Function","name":"projects/vinx-64b70/locations/us-central1/functions/nextApp","buildConfig":{"runtime":"nodejs22","entryPoint":"nextApp","source":{"storageSource":{"bucket":"gcf-v2-sources-40973141573-us-central1","object":"nextApp/function-source.zip","generation":"1753259547144150"}},"environmentVariables":{"GOOGLE_NODE_RUN_SCRIPTS":""},"dockerRepository":"projects/vinx-64b70/locations/us-central1/repositories/gcf-artifacts","sourceProvenance":{"resolvedStorageSource":{"bucket":"gcf-v2-sources-40973141573-us-central1","object":"nextApp/function-source.zip","generation":"1753257508190419"}},"dockerRegistry":"ARTIFACT_REGISTRY","serviceAccount":"projects/vinx-64b70/serviceAccounts/40973141573-compute@developer.gserviceaccount.com","automaticUpdatePolicy":{}},"serviceConfig":{"service":"projects/vinx-64b70/locations/us-central1/services/nextapp","timeoutSeconds":300,"environmentVariables":{"FIREBASE_CONFIG":"{\"projectId\":\"vinx-64b70\",\"storageBucket\":\"vinx-64b70.firebasestorage.app\"}","GCLOUD_PROJECT":"vinx-64b70","EVENTARC_CLOUD_EVENT_SOURCE":"projects/vinx-64b70/locations/us-central1/services/nextApp","FUNCTION_TARGET":"nextApp","LOG_EXECUTION_ID":"true"},"ingressSettings":"ALLOW_ALL","uri":"https://nextapp-bydohlyira-uc.a.run.app","serviceAccountEmail":"40973141573-compute@developer.gserviceaccount.com","availableMemory":"1024Mi","allTrafficOnLatestRevision":true,"revision":"nextapp-00001-puf","maxInstanceRequestConcurrency":80,"availableCpu":"1"},"state":"ACTIVE","labels":{"deployment-tool":"cli-firebase","firebase-functions-hash":"256bdaec5d7e342f0b6c85c29f48021de48cede0"},"environment":"GEN_2","url":"https://us-central1-vinx-64b70.cloudfunctions.net/nextApp","satisfiesPzi":true},"stages":[{"name":"BUILD","message":"Build in progress","state":"IN_PROGRESS","resource":"projects/40973141573/locations/us-central1/builds/b9903b3b-9063-48e2-a429-224591f650a1","resourceUri":"https://console.cloud.google.com/cloud-build/builds;region=us-central1/b9903b3b-9063-48e2-a429-224591f650a1?project=40973141573"},{"name":"SERVICE","state":"NOT_STARTED"}],"operationType":"UPDATE_FUNCTION","buildName":"projects/40973141573/locations/us-central1/builds/b9903b3b-9063-48e2-a429-224591f650a1"},"done":false}
[debug] [2025-07-23T08:32:34.967Z] [update-default-us-central1-nextApp] Retrying task index 0
[debug] [2025-07-23T08:32:34.968Z] Checked if tokens are valid: true, expires at: 1753261062400
[debug] [2025-07-23T08:32:34.968Z] Checked if tokens are valid: true, expires at: 1753261062400
[debug] [2025-07-23T08:32:34.968Z] >>> [apiv2][query] GET https://cloudfunctions.googleapis.com/v2/projects/vinx-64b70/locations/us-central1/operations/operation-1753259546425-63a948c76b8bb-a869dcca-3cd14548 [none]
[debug] [2025-07-23T08:32:36.449Z] <<< [apiv2][status] GET https://cloudfunctions.googleapis.com/v2/projects/vinx-64b70/locations/us-central1/operations/operation-1753259546425-63a948c76b8bb-a869dcca-3cd14548 200
[debug] [2025-07-23T08:32:36.449Z] <<< [apiv2][body] GET https://cloudfunctions.googleapis.com/v2/projects/vinx-64b70/locations/us-central1/operations/operation-1753259546425-63a948c76b8bb-a869dcca-3cd14548 {"name":"projects/vinx-64b70/locations/us-central1/operations/operation-1753259546425-63a948c76b8bb-a869dcca-3cd14548","metadata":{"@type":"type.googleapis.com/google.cloud.functions.v2.OperationMetadata","createTime":"2025-07-23T08:32:27.190452651Z","target":"projects/vinx-64b70/locations/us-central1/functions/nextApp","verb":"update","cancelRequested":false,"apiVersion":"v2","requestResource":{"@type":"type.googleapis.com/google.cloud.functions.v2.Function","name":"projects/vinx-64b70/locations/us-central1/functions/nextApp","buildConfig":{"runtime":"nodejs22","entryPoint":"nextApp","source":{"storageSource":{"bucket":"gcf-v2-sources-40973141573-us-central1","object":"nextApp/function-source.zip","generation":"1753259547144150"}},"environmentVariables":{"GOOGLE_NODE_RUN_SCRIPTS":""},"dockerRepository":"projects/vinx-64b70/locations/us-central1/repositories/gcf-artifacts","sourceProvenance":{"resolvedStorageSource":{"bucket":"gcf-v2-sources-40973141573-us-central1","object":"nextApp/function-source.zip","generation":"1753257508190419"}},"dockerRegistry":"ARTIFACT_REGISTRY","serviceAccount":"projects/vinx-64b70/serviceAccounts/40973141573-compute@developer.gserviceaccount.com","automaticUpdatePolicy":{}},"serviceConfig":{"service":"projects/vinx-64b70/locations/us-central1/services/nextapp","timeoutSeconds":300,"environmentVariables":{"FIREBASE_CONFIG":"{\"projectId\":\"vinx-64b70\",\"storageBucket\":\"vinx-64b70.firebasestorage.app\"}","GCLOUD_PROJECT":"vinx-64b70","EVENTARC_CLOUD_EVENT_SOURCE":"projects/vinx-64b70/locations/us-central1/services/nextApp","FUNCTION_TARGET":"nextApp","LOG_EXECUTION_ID":"true"},"ingressSettings":"ALLOW_ALL","uri":"https://nextapp-bydohlyira-uc.a.run.app","serviceAccountEmail":"40973141573-compute@developer.gserviceaccount.com","availableMemory":"1024Mi","allTrafficOnLatestRevision":true,"revision":"nextapp-00001-puf","maxInstanceRequestConcurrency":80,"availableCpu":"1"},"state":"ACTIVE","labels":{"deployment-tool":"cli-firebase","firebase-functions-hash":"256bdaec5d7e342f0b6c85c29f48021de48cede0"},"environment":"GEN_2","url":"https://us-central1-vinx-64b70.cloudfunctions.net/nextApp","satisfiesPzi":true},"stages":[{"name":"BUILD","message":"Build in progress","state":"IN_PROGRESS","resource":"projects/40973141573/locations/us-central1/builds/b9903b3b-9063-48e2-a429-224591f650a1","resourceUri":"https://console.cloud.google.com/cloud-build/builds;region=us-central1/b9903b3b-9063-48e2-a429-224591f650a1?project=40973141573"},{"name":"SERVICE","state":"NOT_STARTED"}],"operationType":"UPDATE_FUNCTION","buildName":"projects/40973141573/locations/us-central1/builds/b9903b3b-9063-48e2-a429-224591f650a1"},"done":false}
[debug] [2025-07-23T08:32:40.452Z] [update-default-us-central1-nextApp] Retrying task index 0
[debug] [2025-07-23T08:32:40.452Z] Checked if tokens are valid: true, expires at: 1753261062400
[debug] [2025-07-23T08:32:40.452Z] Checked if tokens are valid: true, expires at: 1753261062400
[debug] [2025-07-23T08:32:40.452Z] >>> [apiv2][query] GET https://cloudfunctions.googleapis.com/v2/projects/vinx-64b70/locations/us-central1/operations/operation-1753259546425-63a948c76b8bb-a869dcca-3cd14548 [none]
[debug] [2025-07-23T08:32:41.877Z] <<< [apiv2][status] GET https://cloudfunctions.googleapis.com/v2/projects/vinx-64b70/locations/us-central1/operations/operation-1753259546425-63a948c76b8bb-a869dcca-3cd14548 200
[debug] [2025-07-23T08:32:41.877Z] <<< [apiv2][body] GET https://cloudfunctions.googleapis.com/v2/projects/vinx-64b70/locations/us-central1/operations/operation-1753259546425-63a948c76b8bb-a869dcca-3cd14548 {"name":"projects/vinx-64b70/locations/us-central1/operations/operation-1753259546425-63a948c76b8bb-a869dcca-3cd14548","metadata":{"@type":"type.googleapis.com/google.cloud.functions.v2.OperationMetadata","createTime":"2025-07-23T08:32:27.190452651Z","target":"projects/vinx-64b70/locations/us-central1/functions/nextApp","verb":"update","cancelRequested":false,"apiVersion":"v2","requestResource":{"@type":"type.googleapis.com/google.cloud.functions.v2.Function","name":"projects/vinx-64b70/locations/us-central1/functions/nextApp","buildConfig":{"runtime":"nodejs22","entryPoint":"nextApp","source":{"storageSource":{"bucket":"gcf-v2-sources-40973141573-us-central1","object":"nextApp/function-source.zip","generation":"1753259547144150"}},"environmentVariables":{"GOOGLE_NODE_RUN_SCRIPTS":""},"dockerRepository":"projects/vinx-64b70/locations/us-central1/repositories/gcf-artifacts","sourceProvenance":{"resolvedStorageSource":{"bucket":"gcf-v2-sources-40973141573-us-central1","object":"nextApp/function-source.zip","generation":"1753257508190419"}},"dockerRegistry":"ARTIFACT_REGISTRY","serviceAccount":"projects/vinx-64b70/serviceAccounts/40973141573-compute@developer.gserviceaccount.com","automaticUpdatePolicy":{}},"serviceConfig":{"service":"projects/vinx-64b70/locations/us-central1/services/nextapp","timeoutSeconds":300,"environmentVariables":{"FIREBASE_CONFIG":"{\"projectId\":\"vinx-64b70\",\"storageBucket\":\"vinx-64b70.firebasestorage.app\"}","GCLOUD_PROJECT":"vinx-64b70","EVENTARC_CLOUD_EVENT_SOURCE":"projects/vinx-64b70/locations/us-central1/services/nextApp","FUNCTION_TARGET":"nextApp","LOG_EXECUTION_ID":"true"},"ingressSettings":"ALLOW_ALL","uri":"https://nextapp-bydohlyira-uc.a.run.app","serviceAccountEmail":"40973141573-compute@developer.gserviceaccount.com","availableMemory":"1024Mi","allTrafficOnLatestRevision":true,"revision":"nextapp-00001-puf","maxInstanceRequestConcurrency":80,"availableCpu":"1"},"state":"ACTIVE","labels":{"deployment-tool":"cli-firebase","firebase-functions-hash":"256bdaec5d7e342f0b6c85c29f48021de48cede0"},"environment":"GEN_2","url":"https://us-central1-vinx-64b70.cloudfunctions.net/nextApp","satisfiesPzi":true},"stages":[{"name":"BUILD","message":"Build in progress","state":"IN_PROGRESS","resource":"projects/40973141573/locations/us-central1/builds/b9903b3b-9063-48e2-a429-224591f650a1","resourceUri":"https://console.cloud.google.com/cloud-build/builds;region=us-central1/b9903b3b-9063-48e2-a429-224591f650a1?project=40973141573"},{"name":"SERVICE","state":"NOT_STARTED"}],"operationType":"UPDATE_FUNCTION","buildName":"projects/40973141573/locations/us-central1/builds/b9903b3b-9063-48e2-a429-224591f650a1"},"done":false}
[debug] [2025-07-23T08:32:49.881Z] [update-default-us-central1-nextApp] Retrying task index 0
[debug] [2025-07-23T08:32:49.881Z] Checked if tokens are valid: true, expires at: 1753261062400
[debug] [2025-07-23T08:32:49.882Z] Checked if tokens are valid: true, expires at: 1753261062400
[debug] [2025-07-23T08:32:49.882Z] >>> [apiv2][query] GET https://cloudfunctions.googleapis.com/v2/projects/vinx-64b70/locations/us-central1/operations/operation-1753259546425-63a948c76b8bb-a869dcca-3cd14548 [none]
[debug] [2025-07-23T08:32:51.292Z] <<< [apiv2][status] GET https://cloudfunctions.googleapis.com/v2/projects/vinx-64b70/locations/us-central1/operations/operation-1753259546425-63a948c76b8bb-a869dcca-3cd14548 200
[debug] [2025-07-23T08:32:51.292Z] <<< [apiv2][body] GET https://cloudfunctions.googleapis.com/v2/projects/vinx-64b70/locations/us-central1/operations/operation-1753259546425-63a948c76b8bb-a869dcca-3cd14548 {"name":"projects/vinx-64b70/locations/us-central1/operations/operation-1753259546425-63a948c76b8bb-a869dcca-3cd14548","metadata":{"@type":"type.googleapis.com/google.cloud.functions.v2.OperationMetadata","createTime":"2025-07-23T08:32:27.190452651Z","target":"projects/vinx-64b70/locations/us-central1/functions/nextApp","verb":"update","cancelRequested":false,"apiVersion":"v2","requestResource":{"@type":"type.googleapis.com/google.cloud.functions.v2.Function","name":"projects/vinx-64b70/locations/us-central1/functions/nextApp","buildConfig":{"runtime":"nodejs22","entryPoint":"nextApp","source":{"storageSource":{"bucket":"gcf-v2-sources-40973141573-us-central1","object":"nextApp/function-source.zip","generation":"1753259547144150"}},"environmentVariables":{"GOOGLE_NODE_RUN_SCRIPTS":""},"dockerRepository":"projects/vinx-64b70/locations/us-central1/repositories/gcf-artifacts","sourceProvenance":{"resolvedStorageSource":{"bucket":"gcf-v2-sources-40973141573-us-central1","object":"nextApp/function-source.zip","generation":"1753257508190419"}},"dockerRegistry":"ARTIFACT_REGISTRY","serviceAccount":"projects/vinx-64b70/serviceAccounts/40973141573-compute@developer.gserviceaccount.com","automaticUpdatePolicy":{}},"serviceConfig":{"service":"projects/vinx-64b70/locations/us-central1/services/nextapp","timeoutSeconds":300,"environmentVariables":{"FIREBASE_CONFIG":"{\"projectId\":\"vinx-64b70\",\"storageBucket\":\"vinx-64b70.firebasestorage.app\"}","GCLOUD_PROJECT":"vinx-64b70","EVENTARC_CLOUD_EVENT_SOURCE":"projects/vinx-64b70/locations/us-central1/services/nextApp","FUNCTION_TARGET":"nextApp","LOG_EXECUTION_ID":"true"},"ingressSettings":"ALLOW_ALL","uri":"https://nextapp-bydohlyira-uc.a.run.app","serviceAccountEmail":"40973141573-compute@developer.gserviceaccount.com","availableMemory":"1024Mi","allTrafficOnLatestRevision":true,"revision":"nextapp-00001-puf","maxInstanceRequestConcurrency":80,"availableCpu":"1"},"state":"ACTIVE","labels":{"deployment-tool":"cli-firebase","firebase-functions-hash":"256bdaec5d7e342f0b6c85c29f48021de48cede0"},"environment":"GEN_2","url":"https://us-central1-vinx-64b70.cloudfunctions.net/nextApp","satisfiesPzi":true},"stages":[{"name":"BUILD","message":"Build in progress","state":"IN_PROGRESS","resource":"projects/40973141573/locations/us-central1/builds/b9903b3b-9063-48e2-a429-224591f650a1","resourceUri":"https://console.cloud.google.com/cloud-build/builds;region=us-central1/b9903b3b-9063-48e2-a429-224591f650a1?project=40973141573"},{"name":"SERVICE","state":"NOT_STARTED"}],"operationType":"UPDATE_FUNCTION","buildName":"projects/40973141573/locations/us-central1/builds/b9903b3b-9063-48e2-a429-224591f650a1"},"done":false}
[debug] [2025-07-23T08:33:01.297Z] [update-default-us-central1-nextApp] Retrying task index 0
[debug] [2025-07-23T08:33:01.297Z] Checked if tokens are valid: true, expires at: 1753261062400
[debug] [2025-07-23T08:33:01.298Z] Checked if tokens are valid: true, expires at: 1753261062400
[debug] [2025-07-23T08:33:01.298Z] >>> [apiv2][query] GET https://cloudfunctions.googleapis.com/v2/projects/vinx-64b70/locations/us-central1/operations/operation-1753259546425-63a948c76b8bb-a869dcca-3cd14548 [none]
[debug] [2025-07-23T08:33:02.868Z] <<< [apiv2][status] GET https://cloudfunctions.googleapis.com/v2/projects/vinx-64b70/locations/us-central1/operations/operation-1753259546425-63a948c76b8bb-a869dcca-3cd14548 200
[debug] [2025-07-23T08:33:02.868Z] <<< [apiv2][body] GET https://cloudfunctions.googleapis.com/v2/projects/vinx-64b70/locations/us-central1/operations/operation-1753259546425-63a948c76b8bb-a869dcca-3cd14548 {"name":"projects/vinx-64b70/locations/us-central1/operations/operation-1753259546425-63a948c76b8bb-a869dcca-3cd14548","metadata":{"@type":"type.googleapis.com/google.cloud.functions.v2.OperationMetadata","createTime":"2025-07-23T08:32:27.190452651Z","target":"projects/vinx-64b70/locations/us-central1/functions/nextApp","verb":"update","cancelRequested":false,"apiVersion":"v2","requestResource":{"@type":"type.googleapis.com/google.cloud.functions.v2.Function","name":"projects/vinx-64b70/locations/us-central1/functions/nextApp","buildConfig":{"runtime":"nodejs22","entryPoint":"nextApp","source":{"storageSource":{"bucket":"gcf-v2-sources-40973141573-us-central1","object":"nextApp/function-source.zip","generation":"1753259547144150"}},"environmentVariables":{"GOOGLE_NODE_RUN_SCRIPTS":""},"dockerRepository":"projects/vinx-64b70/locations/us-central1/repositories/gcf-artifacts","sourceProvenance":{"resolvedStorageSource":{"bucket":"gcf-v2-sources-40973141573-us-central1","object":"nextApp/function-source.zip","generation":"1753257508190419"}},"dockerRegistry":"ARTIFACT_REGISTRY","serviceAccount":"projects/vinx-64b70/serviceAccounts/40973141573-compute@developer.gserviceaccount.com","automaticUpdatePolicy":{}},"serviceConfig":{"service":"projects/vinx-64b70/locations/us-central1/services/nextapp","timeoutSeconds":300,"environmentVariables":{"FIREBASE_CONFIG":"{\"projectId\":\"vinx-64b70\",\"storageBucket\":\"vinx-64b70.firebasestorage.app\"}","GCLOUD_PROJECT":"vinx-64b70","EVENTARC_CLOUD_EVENT_SOURCE":"projects/vinx-64b70/locations/us-central1/services/nextApp","FUNCTION_TARGET":"nextApp","LOG_EXECUTION_ID":"true"},"ingressSettings":"ALLOW_ALL","uri":"https://nextapp-bydohlyira-uc.a.run.app","serviceAccountEmail":"40973141573-compute@developer.gserviceaccount.com","availableMemory":"1024Mi","allTrafficOnLatestRevision":true,"revision":"nextapp-00001-puf","maxInstanceRequestConcurrency":80,"availableCpu":"1"},"state":"ACTIVE","labels":{"deployment-tool":"cli-firebase","firebase-functions-hash":"256bdaec5d7e342f0b6c85c29f48021de48cede0"},"environment":"GEN_2","url":"https://us-central1-vinx-64b70.cloudfunctions.net/nextApp","satisfiesPzi":true},"stages":[{"name":"BUILD","message":"Build in progress","state":"IN_PROGRESS","resource":"projects/40973141573/locations/us-central1/builds/b9903b3b-9063-48e2-a429-224591f650a1","resourceUri":"https://console.cloud.google.com/cloud-build/builds;region=us-central1/b9903b3b-9063-48e2-a429-224591f650a1?project=40973141573"},{"name":"SERVICE","state":"NOT_STARTED"}],"operationType":"UPDATE_FUNCTION","buildName":"projects/40973141573/locations/us-central1/builds/b9903b3b-9063-48e2-a429-224591f650a1"},"done":false}
[debug] [2025-07-23T08:33:12.874Z] [update-default-us-central1-nextApp] Retrying task index 0
[debug] [2025-07-23T08:33:12.874Z] Checked if tokens are valid: true, expires at: 1753261062400
[debug] [2025-07-23T08:33:12.875Z] Checked if tokens are valid: true, expires at: 1753261062400
[debug] [2025-07-23T08:33:12.875Z] >>> [apiv2][query] GET https://cloudfunctions.googleapis.com/v2/projects/vinx-64b70/locations/us-central1/operations/operation-1753259546425-63a948c76b8bb-a869dcca-3cd14548 [none]
[debug] [2025-07-23T08:33:14.340Z] <<< [apiv2][status] GET https://cloudfunctions.googleapis.com/v2/projects/vinx-64b70/locations/us-central1/operations/operation-1753259546425-63a948c76b8bb-a869dcca-3cd14548 200
[debug] [2025-07-23T08:33:14.340Z] <<< [apiv2][body] GET https://cloudfunctions.googleapis.com/v2/projects/vinx-64b70/locations/us-central1/operations/operation-1753259546425-63a948c76b8bb-a869dcca-3cd14548 {"name":"projects/vinx-64b70/locations/us-central1/operations/operation-1753259546425-63a948c76b8bb-a869dcca-3cd14548","metadata":{"@type":"type.googleapis.com/google.cloud.functions.v2.OperationMetadata","createTime":"2025-07-23T08:32:27.190452651Z","target":"projects/vinx-64b70/locations/us-central1/functions/nextApp","verb":"update","cancelRequested":false,"apiVersion":"v2","requestResource":{"@type":"type.googleapis.com/google.cloud.functions.v2.Function","name":"projects/vinx-64b70/locations/us-central1/functions/nextApp","buildConfig":{"runtime":"nodejs22","entryPoint":"nextApp","source":{"storageSource":{"bucket":"gcf-v2-sources-40973141573-us-central1","object":"nextApp/function-source.zip","generation":"1753259547144150"}},"environmentVariables":{"GOOGLE_NODE_RUN_SCRIPTS":""},"dockerRepository":"projects/vinx-64b70/locations/us-central1/repositories/gcf-artifacts","sourceProvenance":{"resolvedStorageSource":{"bucket":"gcf-v2-sources-40973141573-us-central1","object":"nextApp/function-source.zip","generation":"1753257508190419"}},"dockerRegistry":"ARTIFACT_REGISTRY","serviceAccount":"projects/vinx-64b70/serviceAccounts/40973141573-compute@developer.gserviceaccount.com","automaticUpdatePolicy":{}},"serviceConfig":{"service":"projects/vinx-64b70/locations/us-central1/services/nextapp","timeoutSeconds":300,"environmentVariables":{"FIREBASE_CONFIG":"{\"projectId\":\"vinx-64b70\",\"storageBucket\":\"vinx-64b70.firebasestorage.app\"}","GCLOUD_PROJECT":"vinx-64b70","EVENTARC_CLOUD_EVENT_SOURCE":"projects/vinx-64b70/locations/us-central1/services/nextApp","FUNCTION_TARGET":"nextApp","LOG_EXECUTION_ID":"true"},"ingressSettings":"ALLOW_ALL","uri":"https://nextapp-bydohlyira-uc.a.run.app","serviceAccountEmail":"40973141573-compute@developer.gserviceaccount.com","availableMemory":"1024Mi","allTrafficOnLatestRevision":true,"revision":"nextapp-00001-puf","maxInstanceRequestConcurrency":80,"availableCpu":"1"},"state":"ACTIVE","labels":{"deployment-tool":"cli-firebase","firebase-functions-hash":"256bdaec5d7e342f0b6c85c29f48021de48cede0"},"environment":"GEN_2","url":"https://us-central1-vinx-64b70.cloudfunctions.net/nextApp","satisfiesPzi":true},"stages":[{"name":"BUILD","message":"Build in progress","state":"IN_PROGRESS","resource":"projects/40973141573/locations/us-central1/builds/b9903b3b-9063-48e2-a429-224591f650a1","resourceUri":"https://console.cloud.google.com/cloud-build/builds;region=us-central1/b9903b3b-9063-48e2-a429-224591f650a1?project=40973141573"},{"name":"SERVICE","state":"NOT_STARTED"}],"operationType":"UPDATE_FUNCTION","buildName":"projects/40973141573/locations/us-central1/builds/b9903b3b-9063-48e2-a429-224591f650a1"},"done":false}
[debug] [2025-07-23T08:33:24.346Z] [update-default-us-central1-nextApp] Retrying task index 0
[debug] [2025-07-23T08:33:24.346Z] Checked if tokens are valid: true, expires at: 1753261062400
[debug] [2025-07-23T08:33:24.346Z] Checked if tokens are valid: true, expires at: 1753261062400
[debug] [2025-07-23T08:33:24.347Z] >>> [apiv2][query] GET https://cloudfunctions.googleapis.com/v2/projects/vinx-64b70/locations/us-central1/operations/operation-1753259546425-63a948c76b8bb-a869dcca-3cd14548 [none]
[debug] [2025-07-23T08:33:25.803Z] <<< [apiv2][status] GET https://cloudfunctions.googleapis.com/v2/projects/vinx-64b70/locations/us-central1/operations/operation-1753259546425-63a948c76b8bb-a869dcca-3cd14548 200
[debug] [2025-07-23T08:33:25.803Z] <<< [apiv2][body] GET https://cloudfunctions.googleapis.com/v2/projects/vinx-64b70/locations/us-central1/operations/operation-1753259546425-63a948c76b8bb-a869dcca-3cd14548 {"name":"projects/vinx-64b70/locations/us-central1/operations/operation-1753259546425-63a948c76b8bb-a869dcca-3cd14548","metadata":{"@type":"type.googleapis.com/google.cloud.functions.v2.OperationMetadata","createTime":"2025-07-23T08:32:27.190452651Z","target":"projects/vinx-64b70/locations/us-central1/functions/nextApp","verb":"update","cancelRequested":false,"apiVersion":"v2","requestResource":{"@type":"type.googleapis.com/google.cloud.functions.v2.Function","name":"projects/vinx-64b70/locations/us-central1/functions/nextApp","buildConfig":{"runtime":"nodejs22","entryPoint":"nextApp","source":{"storageSource":{"bucket":"gcf-v2-sources-40973141573-us-central1","object":"nextApp/function-source.zip","generation":"1753259547144150"}},"environmentVariables":{"GOOGLE_NODE_RUN_SCRIPTS":""},"dockerRepository":"projects/vinx-64b70/locations/us-central1/repositories/gcf-artifacts","sourceProvenance":{"resolvedStorageSource":{"bucket":"gcf-v2-sources-40973141573-us-central1","object":"nextApp/function-source.zip","generation":"1753257508190419"}},"dockerRegistry":"ARTIFACT_REGISTRY","serviceAccount":"projects/vinx-64b70/serviceAccounts/40973141573-compute@developer.gserviceaccount.com","automaticUpdatePolicy":{}},"serviceConfig":{"service":"projects/vinx-64b70/locations/us-central1/services/nextapp","timeoutSeconds":300,"environmentVariables":{"FIREBASE_CONFIG":"{\"projectId\":\"vinx-64b70\",\"storageBucket\":\"vinx-64b70.firebasestorage.app\"}","GCLOUD_PROJECT":"vinx-64b70","EVENTARC_CLOUD_EVENT_SOURCE":"projects/vinx-64b70/locations/us-central1/services/nextApp","FUNCTION_TARGET":"nextApp","LOG_EXECUTION_ID":"true"},"ingressSettings":"ALLOW_ALL","uri":"https://nextapp-bydohlyira-uc.a.run.app","serviceAccountEmail":"40973141573-compute@developer.gserviceaccount.com","availableMemory":"1024Mi","allTrafficOnLatestRevision":true,"revision":"nextapp-00001-puf","maxInstanceRequestConcurrency":80,"availableCpu":"1"},"state":"ACTIVE","labels":{"deployment-tool":"cli-firebase","firebase-functions-hash":"256bdaec5d7e342f0b6c85c29f48021de48cede0"},"environment":"GEN_2","url":"https://us-central1-vinx-64b70.cloudfunctions.net/nextApp","satisfiesPzi":true},"stages":[{"name":"BUILD","message":"Build finished","state":"COMPLETE","resource":"projects/40973141573/locations/us-central1/builds/b9903b3b-9063-48e2-a429-224591f650a1","resourceUri":"https://console.cloud.google.com/cloud-build/builds;region=us-central1/b9903b3b-9063-48e2-a429-224591f650a1?project=40973141573"},{"name":"SERVICE","message":"Updating Cloud Run service","state":"IN_PROGRESS","resource":"projects/vinx-64b70/locations/us-central1/services/nextapp","resourceUri":"https://console.cloud.google.com/run/detail/us-central1/nextapp?project=vinx-64b70","stateMessages":[{"severity":"INFO","type":"CloudRunServiceNewRevisionTrafficInfo","message":"A new revision will be deployed serving with 100% traffic."}]}],"sourceToken":"ClZwcm9qZWN0cy80MDk3MzE0MTU3My9sb2NhdGlvbnMvdXMtY2VudHJhbDEvYnVpbGRzL2I5OTAzYjNiLTkwNjMtNDhlMi1hNDI5LTIyNDU5MWY2NTBhMRJhdXMtY2VudHJhbDEtZG9ja2VyLnBrZy5kZXYvdmlueC02NGI3MC9nY2YtYXJ0aWZhY3RzL3ZpbngtLTY0YjcwX191cy0tY2VudHJhbDFfX25leHRfYXBwOnZlcnNpb25fMRjFjMLRmAEiO3Byb2plY3RzL3ZpbngtNjRiNzAvbG9jYXRpb25zL3VzLWNlbnRyYWwxL2Z1bmN0aW9ucy9uZXh0QXBwKgwI1LyCxAYQgJepzgEyCG5vZGVqczIyOnYKI2djci5pby9nYWUtcnVudGltZXMvbm9kZWpzMjI6c3RhYmxlEk91cy1jZW50cmFsMS1kb2NrZXIucGtnLmRldi9zZXJ2ZXJsZXNzLXJ1bnRpbWVzL2dvb2dsZS0yMi1mdWxsL3J1bnRpbWVzL25vZGVqczIyQAE=","operationType":"UPDATE_FUNCTION","buildName":"projects/40973141573/locations/us-central1/builds/b9903b3b-9063-48e2-a429-224591f650a1"},"done":false}
[debug] [2025-07-23T08:33:25.803Z] Got source token ClZwcm9qZWN0cy80MDk3MzE0MTU3My9sb2NhdGlvbnMvdXMtY2VudHJhbDEvYnVpbGRzL2I5OTAzYjNiLTkwNjMtNDhlMi1hNDI5LTIyNDU5MWY2NTBhMRJhdXMtY2VudHJhbDEtZG9ja2VyLnBrZy5kZXYvdmlueC02NGI3MC9nY2YtYXJ0aWZhY3RzL3ZpbngtLTY0YjcwX191cy0tY2VudHJhbDFfX25leHRfYXBwOnZlcnNpb25fMRjFjMLRmAEiO3Byb2plY3RzL3ZpbngtNjRiNzAvbG9jYXRpb25zL3VzLWNlbnRyYWwxL2Z1bmN0aW9ucy9uZXh0QXBwKgwI1LyCxAYQgJepzgEyCG5vZGVqczIyOnYKI2djci5pby9nYWUtcnVudGltZXMvbm9kZWpzMjI6c3RhYmxlEk91cy1jZW50cmFsMS1kb2NrZXIucGtnLmRldi9zZXJ2ZXJsZXNzLXJ1bnRpbWVzL2dvb2dsZS0yMi1mdWxsL3J1bnRpbWVzL25vZGVqczIyQAE= for region us-central1
[debug] [2025-07-23T08:33:35.809Z] [update-default-us-central1-nextApp] Retrying task index 0
[debug] [2025-07-23T08:33:35.809Z] Checked if tokens are valid: true, expires at: 1753261062400
[debug] [2025-07-23T08:33:35.809Z] Checked if tokens are valid: true, expires at: 1753261062400
[debug] [2025-07-23T08:33:35.810Z] >>> [apiv2][query] GET https://cloudfunctions.googleapis.com/v2/projects/vinx-64b70/locations/us-central1/operations/operation-1753259546425-63a948c76b8bb-a869dcca-3cd14548 [none]
[debug] [2025-07-23T08:33:37.274Z] <<< [apiv2][status] GET https://cloudfunctions.googleapis.com/v2/projects/vinx-64b70/locations/us-central1/operations/operation-1753259546425-63a948c76b8bb-a869dcca-3cd14548 200
[debug] [2025-07-23T08:33:37.274Z] <<< [apiv2][body] GET https://cloudfunctions.googleapis.com/v2/projects/vinx-64b70/locations/us-central1/operations/operation-1753259546425-63a948c76b8bb-a869dcca-3cd14548 {"name":"projects/vinx-64b70/locations/us-central1/operations/operation-1753259546425-63a948c76b8bb-a869dcca-3cd14548","metadata":{"@type":"type.googleapis.com/google.cloud.functions.v2.OperationMetadata","createTime":"2025-07-23T08:32:27.190452651Z","target":"projects/vinx-64b70/locations/us-central1/functions/nextApp","verb":"update","cancelRequested":false,"apiVersion":"v2","requestResource":{"@type":"type.googleapis.com/google.cloud.functions.v2.Function","name":"projects/vinx-64b70/locations/us-central1/functions/nextApp","buildConfig":{"runtime":"nodejs22","entryPoint":"nextApp","source":{"storageSource":{"bucket":"gcf-v2-sources-40973141573-us-central1","object":"nextApp/function-source.zip","generation":"1753259547144150"}},"environmentVariables":{"GOOGLE_NODE_RUN_SCRIPTS":""},"dockerRepository":"projects/vinx-64b70/locations/us-central1/repositories/gcf-artifacts","sourceProvenance":{"resolvedStorageSource":{"bucket":"gcf-v2-sources-40973141573-us-central1","object":"nextApp/function-source.zip","generation":"1753257508190419"}},"dockerRegistry":"ARTIFACT_REGISTRY","serviceAccount":"projects/vinx-64b70/serviceAccounts/40973141573-compute@developer.gserviceaccount.com","automaticUpdatePolicy":{}},"serviceConfig":{"service":"projects/vinx-64b70/locations/us-central1/services/nextapp","timeoutSeconds":300,"environmentVariables":{"FIREBASE_CONFIG":"{\"projectId\":\"vinx-64b70\",\"storageBucket\":\"vinx-64b70.firebasestorage.app\"}","GCLOUD_PROJECT":"vinx-64b70","EVENTARC_CLOUD_EVENT_SOURCE":"projects/vinx-64b70/locations/us-central1/services/nextApp","FUNCTION_TARGET":"nextApp","LOG_EXECUTION_ID":"true"},"ingressSettings":"ALLOW_ALL","uri":"https://nextapp-bydohlyira-uc.a.run.app","serviceAccountEmail":"40973141573-compute@developer.gserviceaccount.com","availableMemory":"1024Mi","allTrafficOnLatestRevision":true,"revision":"nextapp-00001-puf","maxInstanceRequestConcurrency":80,"availableCpu":"1"},"state":"ACTIVE","labels":{"deployment-tool":"cli-firebase","firebase-functions-hash":"256bdaec5d7e342f0b6c85c29f48021de48cede0"},"environment":"GEN_2","url":"https://us-central1-vinx-64b70.cloudfunctions.net/nextApp","satisfiesPzi":true},"stages":[{"name":"BUILD","message":"Build finished","state":"COMPLETE","resource":"projects/40973141573/locations/us-central1/builds/b9903b3b-9063-48e2-a429-224591f650a1","resourceUri":"https://console.cloud.google.com/cloud-build/builds;region=us-central1/b9903b3b-9063-48e2-a429-224591f650a1?project=40973141573"},{"name":"SERVICE","message":"Updating Cloud Run service","state":"IN_PROGRESS","resource":"projects/vinx-64b70/locations/us-central1/services/nextapp","resourceUri":"https://console.cloud.google.com/run/detail/us-central1/nextapp?project=vinx-64b70","stateMessages":[{"severity":"INFO","type":"CloudRunServiceNewRevisionTrafficInfo","message":"A new revision will be deployed serving with 100% traffic."}]}],"sourceToken":"ClZwcm9qZWN0cy80MDk3MzE0MTU3My9sb2NhdGlvbnMvdXMtY2VudHJhbDEvYnVpbGRzL2I5OTAzYjNiLTkwNjMtNDhlMi1hNDI5LTIyNDU5MWY2NTBhMRJhdXMtY2VudHJhbDEtZG9ja2VyLnBrZy5kZXYvdmlueC02NGI3MC9nY2YtYXJ0aWZhY3RzL3ZpbngtLTY0YjcwX191cy0tY2VudHJhbDFfX25leHRfYXBwOnZlcnNpb25fMRjFjMLRmAEiO3Byb2plY3RzL3ZpbngtNjRiNzAvbG9jYXRpb25zL3VzLWNlbnRyYWwxL2Z1bmN0aW9ucy9uZXh0QXBwKgwI1LyCxAYQgJepzgEyCG5vZGVqczIyOnYKI2djci5pby9nYWUtcnVudGltZXMvbm9kZWpzMjI6c3RhYmxlEk91cy1jZW50cmFsMS1kb2NrZXIucGtnLmRldi9zZXJ2ZXJsZXNzLXJ1bnRpbWVzL2dvb2dsZS0yMi1mdWxsL3J1bnRpbWVzL25vZGVqczIyQAE=","operationType":"UPDATE_FUNCTION","buildName":"projects/40973141573/locations/us-central1/builds/b9903b3b-9063-48e2-a429-224591f650a1"},"done":false}
[debug] [2025-07-23T08:33:37.274Z] Got source token ClZwcm9qZWN0cy80MDk3MzE0MTU3My9sb2NhdGlvbnMvdXMtY2VudHJhbDEvYnVpbGRzL2I5OTAzYjNiLTkwNjMtNDhlMi1hNDI5LTIyNDU5MWY2NTBhMRJhdXMtY2VudHJhbDEtZG9ja2VyLnBrZy5kZXYvdmlueC02NGI3MC9nY2YtYXJ0aWZhY3RzL3ZpbngtLTY0YjcwX191cy0tY2VudHJhbDFfX25leHRfYXBwOnZlcnNpb25fMRjFjMLRmAEiO3Byb2plY3RzL3ZpbngtNjRiNzAvbG9jYXRpb25zL3VzLWNlbnRyYWwxL2Z1bmN0aW9ucy9uZXh0QXBwKgwI1LyCxAYQgJepzgEyCG5vZGVqczIyOnYKI2djci5pby9nYWUtcnVudGltZXMvbm9kZWpzMjI6c3RhYmxlEk91cy1jZW50cmFsMS1kb2NrZXIucGtnLmRldi9zZXJ2ZXJsZXNzLXJ1bnRpbWVzL2dvb2dsZS0yMi1mdWxsL3J1bnRpbWVzL25vZGVqczIyQAE= for region us-central1
[debug] [2025-07-23T08:33:47.279Z] [update-default-us-central1-nextApp] Retrying task index 0
[debug] [2025-07-23T08:33:47.279Z] Checked if tokens are valid: true, expires at: 1753261062400
[debug] [2025-07-23T08:33:47.280Z] Checked if tokens are valid: true, expires at: 1753261062400
[debug] [2025-07-23T08:33:47.280Z] >>> [apiv2][query] GET https://cloudfunctions.googleapis.com/v2/projects/vinx-64b70/locations/us-central1/operations/operation-1753259546425-63a948c76b8bb-a869dcca-3cd14548 [none]
[debug] [2025-07-23T08:33:48.846Z] <<< [apiv2][status] GET https://cloudfunctions.googleapis.com/v2/projects/vinx-64b70/locations/us-central1/operations/operation-1753259546425-63a948c76b8bb-a869dcca-3cd14548 200
[debug] [2025-07-23T08:33:48.846Z] <<< [apiv2][body] GET https://cloudfunctions.googleapis.com/v2/projects/vinx-64b70/locations/us-central1/operations/operation-1753259546425-63a948c76b8bb-a869dcca-3cd14548 {"name":"projects/vinx-64b70/locations/us-central1/operations/operation-1753259546425-63a948c76b8bb-a869dcca-3cd14548","metadata":{"@type":"type.googleapis.com/google.cloud.functions.v2.OperationMetadata","createTime":"2025-07-23T08:32:27.190452651Z","target":"projects/vinx-64b70/locations/us-central1/functions/nextApp","verb":"update","cancelRequested":false,"apiVersion":"v2","requestResource":{"@type":"type.googleapis.com/google.cloud.functions.v2.Function","name":"projects/vinx-64b70/locations/us-central1/functions/nextApp","buildConfig":{"runtime":"nodejs22","entryPoint":"nextApp","source":{"storageSource":{"bucket":"gcf-v2-sources-40973141573-us-central1","object":"nextApp/function-source.zip","generation":"1753259547144150"}},"environmentVariables":{"GOOGLE_NODE_RUN_SCRIPTS":""},"dockerRepository":"projects/vinx-64b70/locations/us-central1/repositories/gcf-artifacts","sourceProvenance":{"resolvedStorageSource":{"bucket":"gcf-v2-sources-40973141573-us-central1","object":"nextApp/function-source.zip","generation":"1753257508190419"}},"dockerRegistry":"ARTIFACT_REGISTRY","serviceAccount":"projects/vinx-64b70/serviceAccounts/40973141573-compute@developer.gserviceaccount.com","automaticUpdatePolicy":{}},"serviceConfig":{"service":"projects/vinx-64b70/locations/us-central1/services/nextapp","timeoutSeconds":300,"environmentVariables":{"FIREBASE_CONFIG":"{\"projectId\":\"vinx-64b70\",\"storageBucket\":\"vinx-64b70.firebasestorage.app\"}","GCLOUD_PROJECT":"vinx-64b70","EVENTARC_CLOUD_EVENT_SOURCE":"projects/vinx-64b70/locations/us-central1/services/nextApp","FUNCTION_TARGET":"nextApp","LOG_EXECUTION_ID":"true"},"ingressSettings":"ALLOW_ALL","uri":"https://nextapp-bydohlyira-uc.a.run.app","serviceAccountEmail":"40973141573-compute@developer.gserviceaccount.com","availableMemory":"1024Mi","allTrafficOnLatestRevision":true,"revision":"nextapp-00001-puf","maxInstanceRequestConcurrency":80,"availableCpu":"1"},"state":"ACTIVE","labels":{"deployment-tool":"cli-firebase","firebase-functions-hash":"256bdaec5d7e342f0b6c85c29f48021de48cede0"},"environment":"GEN_2","url":"https://us-central1-vinx-64b70.cloudfunctions.net/nextApp","satisfiesPzi":true},"stages":[{"name":"BUILD","message":"Build finished","state":"COMPLETE","resource":"projects/40973141573/locations/us-central1/builds/b9903b3b-9063-48e2-a429-224591f650a1","resourceUri":"https://console.cloud.google.com/cloud-build/builds;region=us-central1/b9903b3b-9063-48e2-a429-224591f650a1?project=40973141573"},{"name":"SERVICE","message":"Updating Cloud Run service","state":"IN_PROGRESS","resource":"projects/vinx-64b70/locations/us-central1/services/nextapp","resourceUri":"https://console.cloud.google.com/run/detail/us-central1/nextapp?project=vinx-64b70","stateMessages":[{"severity":"INFO","type":"CloudRunServiceNewRevisionTrafficInfo","message":"A new revision will be deployed serving with 100% traffic."}]}],"sourceToken":"ClZwcm9qZWN0cy80MDk3MzE0MTU3My9sb2NhdGlvbnMvdXMtY2VudHJhbDEvYnVpbGRzL2I5OTAzYjNiLTkwNjMtNDhlMi1hNDI5LTIyNDU5MWY2NTBhMRJhdXMtY2VudHJhbDEtZG9ja2VyLnBrZy5kZXYvdmlueC02NGI3MC9nY2YtYXJ0aWZhY3RzL3ZpbngtLTY0YjcwX191cy0tY2VudHJhbDFfX25leHRfYXBwOnZlcnNpb25fMRjFjMLRmAEiO3Byb2plY3RzL3ZpbngtNjRiNzAvbG9jYXRpb25zL3VzLWNlbnRyYWwxL2Z1bmN0aW9ucy9uZXh0QXBwKgwI1LyCxAYQgJepzgEyCG5vZGVqczIyOnYKI2djci5pby9nYWUtcnVudGltZXMvbm9kZWpzMjI6c3RhYmxlEk91cy1jZW50cmFsMS1kb2NrZXIucGtnLmRldi9zZXJ2ZXJsZXNzLXJ1bnRpbWVzL2dvb2dsZS0yMi1mdWxsL3J1bnRpbWVzL25vZGVqczIyQAE=","operationType":"UPDATE_FUNCTION","buildName":"projects/40973141573/locations/us-central1/builds/b9903b3b-9063-48e2-a429-224591f650a1"},"done":false}
[debug] [2025-07-23T08:33:48.846Z] Got source token ClZwcm9qZWN0cy80MDk3MzE0MTU3My9sb2NhdGlvbnMvdXMtY2VudHJhbDEvYnVpbGRzL2I5OTAzYjNiLTkwNjMtNDhlMi1hNDI5LTIyNDU5MWY2NTBhMRJhdXMtY2VudHJhbDEtZG9ja2VyLnBrZy5kZXYvdmlueC02NGI3MC9nY2YtYXJ0aWZhY3RzL3ZpbngtLTY0YjcwX191cy0tY2VudHJhbDFfX25leHRfYXBwOnZlcnNpb25fMRjFjMLRmAEiO3Byb2plY3RzL3ZpbngtNjRiNzAvbG9jYXRpb25zL3VzLWNlbnRyYWwxL2Z1bmN0aW9ucy9uZXh0QXBwKgwI1LyCxAYQgJepzgEyCG5vZGVqczIyOnYKI2djci5pby9nYWUtcnVudGltZXMvbm9kZWpzMjI6c3RhYmxlEk91cy1jZW50cmFsMS1kb2NrZXIucGtnLmRldi9zZXJ2ZXJsZXNzLXJ1bnRpbWVzL2dvb2dsZS0yMi1mdWxsL3J1bnRpbWVzL25vZGVqczIyQAE= for region us-central1
[debug] [2025-07-23T08:33:58.852Z] [update-default-us-central1-nextApp] Retrying task index 0
[debug] [2025-07-23T08:33:58.852Z] Checked if tokens are valid: true, expires at: 1753261062400
[debug] [2025-07-23T08:33:58.853Z] Checked if tokens are valid: true, expires at: 1753261062400
[debug] [2025-07-23T08:33:58.853Z] >>> [apiv2][query] GET https://cloudfunctions.googleapis.com/v2/projects/vinx-64b70/locations/us-central1/operations/operation-1753259546425-63a948c76b8bb-a869dcca-3cd14548 [none]
[debug] [2025-07-23T08:34:00.309Z] <<< [apiv2][status] GET https://cloudfunctions.googleapis.com/v2/projects/vinx-64b70/locations/us-central1/operations/operation-1753259546425-63a948c76b8bb-a869dcca-3cd14548 200
[debug] [2025-07-23T08:34:00.310Z] <<< [apiv2][body] GET https://cloudfunctions.googleapis.com/v2/projects/vinx-64b70/locations/us-central1/operations/operation-1753259546425-63a948c76b8bb-a869dcca-3cd14548 {"name":"projects/vinx-64b70/locations/us-central1/operations/operation-1753259546425-63a948c76b8bb-a869dcca-3cd14548","metadata":{"@type":"type.googleapis.com/google.cloud.functions.v2.OperationMetadata","createTime":"2025-07-23T08:32:27.190452651Z","endTime":"2025-07-23T08:33:56.021137562Z","target":"projects/vinx-64b70/locations/us-central1/functions/nextApp","verb":"update","cancelRequested":false,"apiVersion":"v2","requestResource":{"@type":"type.googleapis.com/google.cloud.functions.v2.Function","name":"projects/vinx-64b70/locations/us-central1/functions/nextApp","buildConfig":{"runtime":"nodejs22","entryPoint":"nextApp","source":{"storageSource":{"bucket":"gcf-v2-sources-40973141573-us-central1","object":"nextApp/function-source.zip","generation":"1753259547144150"}},"environmentVariables":{"GOOGLE_NODE_RUN_SCRIPTS":""},"dockerRepository":"projects/vinx-64b70/locations/us-central1/repositories/gcf-artifacts","sourceProvenance":{"resolvedStorageSource":{"bucket":"gcf-v2-sources-40973141573-us-central1","object":"nextApp/function-source.zip","generation":"1753257508190419"}},"dockerRegistry":"ARTIFACT_REGISTRY","serviceAccount":"projects/vinx-64b70/serviceAccounts/40973141573-compute@developer.gserviceaccount.com","automaticUpdatePolicy":{}},"serviceConfig":{"service":"projects/vinx-64b70/locations/us-central1/services/nextapp","timeoutSeconds":300,"environmentVariables":{"FIREBASE_CONFIG":"{\"projectId\":\"vinx-64b70\",\"storageBucket\":\"vinx-64b70.firebasestorage.app\"}","GCLOUD_PROJECT":"vinx-64b70","EVENTARC_CLOUD_EVENT_SOURCE":"projects/vinx-64b70/locations/us-central1/services/nextApp","FUNCTION_TARGET":"nextApp","LOG_EXECUTION_ID":"true"},"ingressSettings":"ALLOW_ALL","uri":"https://nextapp-bydohlyira-uc.a.run.app","serviceAccountEmail":"40973141573-compute@developer.gserviceaccount.com","availableMemory":"1024Mi","allTrafficOnLatestRevision":true,"revision":"nextapp-00001-puf","maxInstanceRequestConcurrency":80,"availableCpu":"1"},"state":"ACTIVE","labels":{"deployment-tool":"cli-firebase","firebase-functions-hash":"256bdaec5d7e342f0b6c85c29f48021de48cede0"},"environment":"GEN_2","url":"https://us-central1-vinx-64b70.cloudfunctions.net/nextApp","satisfiesPzi":true},"stages":[{"name":"SERVICE","state":"NOT_STARTED"}],"operationType":"UPDATE_FUNCTION"},"done":true,"error":{"code":3,"message":"Could not create or update Cloud Run service nextapp, Container Healthcheck failed. Revision 'nextapp-00002-mej' is not ready and cannot serve traffic. The user-provided container failed to start and listen on the port defined provided by the PORT=8080 environment variable within the allocated timeout. This can happen when the container port is misconfigured or if the timeout is too short. The health check timeout can be extended. Logs for this revision might contain more information.\n\nLogs URL: https://console.cloud.google.com/logs/viewer?project=vinx-64b70&resource=cloud_run_revision/service_name/nextapp/revision_name/nextapp-00002-mej&advancedFilter=resource.type%3D%22cloud_run_revision%22%0Aresource.labels.service_name%3D%22nextapp%22%0Aresource.labels.revision_name%3D%22nextapp-00002-mej%22 \nFor more troubleshooting guidance, see https://cloud.google.com/run/docs/troubleshooting#container-failed-to-start"}}
[debug] [2025-07-23T08:34:00.310Z] Got source token undefined for region us-central1
[error] Could not create or update Cloud Run service nextapp, Container Healthcheck failed. Revision 'nextapp-00002-mej' is not ready and cannot serve traffic. The user-provided container failed to start and listen on the port defined provided by the PORT=8080 environment variable within the allocated timeout. This can happen when the container port is misconfigured or if the timeout is too short. The health check timeout can be extended. Logs for this revision might contain more information.

Logs URL: https://console.cloud.google.com/logs/viewer?project=vinx-64b70&resource=cloud_run_revision/service_name/nextapp/revision_name/nextapp-00002-mej&advancedFilter=resource.type%3D%22cloud_run_revision%22%0Aresource.labels.service_name%3D%22nextapp%22%0Aresource.labels.revision_name%3D%22nextapp-00002-mej%22 
For more troubleshooting guidance, see https://cloud.google.com/run/docs/troubleshooting#container-failed-to-start
[debug] [2025-07-23T08:34:00.312Z] Total Function Deployment time: 95165
[debug] [2025-07-23T08:34:00.312Z] 1 Functions Deployed
[debug] [2025-07-23T08:34:00.312Z] 1 Functions Errored
[debug] [2025-07-23T08:34:00.312Z] 0 Function Deployments Aborted
[debug] [2025-07-23T08:34:00.312Z] Average Function Deployment time: 95164
[info] 
[info] Functions deploy had errors with the following functions:
	nextApp(us-central1)
[debug] [2025-07-23T08:34:00.313Z] Not printing URL for HTTPS function. Typically this means it didn't match a filter or we failed deployment
[debug] [2025-07-23T08:34:00.314Z] Checked if tokens are valid: true, expires at: 1753261062400
[debug] [2025-07-23T08:34:00.314Z] Checked if tokens are valid: true, expires at: 1753261062400
[debug] [2025-07-23T08:34:00.314Z] >>> [apiv2][query] GET https://artifactregistry.googleapis.com/v1/projects/vinx-64b70/locations/us-central1/repositories/gcf-artifacts [none]
[debug] [2025-07-23T08:34:01.866Z] <<< [apiv2][status] GET https://artifactregistry.googleapis.com/v1/projects/vinx-64b70/locations/us-central1/repositories/gcf-artifacts 200
[debug] [2025-07-23T08:34:01.866Z] <<< [apiv2][body] GET https://artifactregistry.googleapis.com/v1/projects/vinx-64b70/locations/us-central1/repositories/gcf-artifacts {"name":"projects/vinx-64b70/locations/us-central1/repositories/gcf-artifacts","format":"DOCKER","description":"This repository is created and used by Cloud Functions for storing function docker images.","labels":{"goog-managed-by":"cloudfunctions"},"createTime":"2025-07-22T23:20:43.356982Z","updateTime":"2025-07-23T08:33:22.782021Z","mode":"STANDARD_REPOSITORY","cleanupPolicies":{"firebase-functions-cleanup":{"id":"firebase-functions-cleanup","action":"DELETE","condition":{"tagState":"ANY","olderThan":"86400s"}}},"sizeBytes":"1343110012","vulnerabilityScanningConfig":{"lastEnableTime":"2025-07-22T23:20:35.864282129Z","enablementState":"SCANNING_DISABLED","enablementStateReason":"API containerscanning.googleapis.com is not enabled."},"satisfiesPzi":true,"registryUri":"us-central1-docker.pkg.dev/vinx-64b70/gcf-artifacts"}
[debug] [2025-07-23T08:34:01.866Z] Functions deploy failed.
[debug] [2025-07-23T08:34:01.866Z] {
  "endpoint": {
    "id": "nextApp",
    "project": "vinx-64b70",
    "region": "us-central1",
    "entryPoint": "nextApp",
    "platform": "gcfv2",
    "runtime": "nodejs22",
    "httpsTrigger": {},
    "labels": {
      "deployment-tool": "cli-firebase"
    },
    "serviceAccount": null,
    "ingressSettings": null,
    "availableMemoryMb": 1024,
    "timeoutSeconds": 300,
    "maxInstances": null,
    "minInstances": null,
    "concurrency": 80,
    "vpc": null,
    "environmentVariables": {
      "FIREBASE_CONFIG": "{\"projectId\":\"vinx-64b70\",\"storageBucket\":\"vinx-64b70.firebasestorage.app\"}",
      "GCLOUD_PROJECT": "vinx-64b70",
      "EVENTARC_CLOUD_EVENT_SOURCE": "projects/vinx-64b70/locations/us-central1/services/nextApp",
      "FUNCTION_TARGET": "nextApp",
      "LOG_EXECUTION_ID": "true"
    },
    "codebase": "default",
    "runServiceId": "nextapp",
    "cpu": 1,
    "securityLevel": "SECURE_ALWAYS",
    "targetedByOnly": false,
    "hash": "256bdaec5d7e342f0b6c85c29f48021de48cede0"
  },
  "op": "update",
  "original": {
    "name": "FirebaseError",
    "children": [],
    "exit": 1,
    "message": "Could not create or update Cloud Run service nextapp, Container Healthcheck failed. Revision 'nextapp-00002-mej' is not ready and cannot serve traffic. The user-provided container failed to start and listen on the port defined provided by the PORT=8080 environment variable within the allocated timeout. This can happen when the container port is misconfigured or if the timeout is too short. The health check timeout can be extended. Logs for this revision might contain more information.\n\nLogs URL: https://console.cloud.google.com/logs/viewer?project=vinx-64b70&resource=cloud_run_revision/service_name/nextapp/revision_name/nextapp-00002-mej&advancedFilter=resource.type%3D%22cloud_run_revision%22%0Aresource.labels.service_name%3D%22nextapp%22%0Aresource.labels.revision_name%3D%22nextapp-00002-mej%22 \nFor more troubleshooting guidance, see https://cloud.google.com/run/docs/troubleshooting#container-failed-to-start",
    "original": {
      "code": 3,
      "message": "Could not create or update Cloud Run service nextapp, Container Healthcheck failed. Revision 'nextapp-00002-mej' is not ready and cannot serve traffic. The user-provided container failed to start and listen on the port defined provided by the PORT=8080 environment variable within the allocated timeout. This can happen when the container port is misconfigured or if the timeout is too short. The health check timeout can be extended. Logs for this revision might contain more information.\n\nLogs URL: https://console.cloud.google.com/logs/viewer?project=vinx-64b70&resource=cloud_run_revision/service_name/nextapp/revision_name/nextapp-00002-mej&advancedFilter=resource.type%3D%22cloud_run_revision%22%0Aresource.labels.service_name%3D%22nextapp%22%0Aresource.labels.revision_name%3D%22nextapp-00002-mej%22 \nFor more troubleshooting guidance, see https://cloud.google.com/run/docs/troubleshooting#container-failed-to-start"
    },
    "status": 3,
    "code": 3
  }
}
[debug] [2025-07-23T08:34:01.867Z] Error: Failed to update function nextApp in region us-central1
    at /home/linux/.nvm/versions/node/v22.17.0/lib/node_modules/firebase-tools/lib/deploy/functions/release/fabricator.js:399:19
    at process.processTicksAndRejections (node:internal/process/task_queues:105:5)
    at async Fabricator.updateV2Function (/home/linux/.nvm/versions/node/v22.17.0/lib/node_modules/firebase-tools/lib/deploy/functions/release/fabricator.js:388:32)
    at async Fabricator.updateEndpoint (/home/linux/.nvm/versions/node/v22.17.0/lib/node_modules/firebase-tools/lib/deploy/functions/release/fabricator.js:155:13)
    at async handle (/home/linux/.nvm/versions/node/v22.17.0/lib/node_modules/firebase-tools/lib/deploy/functions/release/fabricator.js:89:17)
[error] 
[error] Error: There was an error deploying functions
